2023-11-06 13:56:18,998 [INFO] Activator:176 - 


2023-11-06 13:56:19,003 [INFO] Activator:177 - !SESSION log4j initialized
2023-11-06 13:56:23,536 [INFO] LogOutputStream:77 - [STDOUT_REDIRECT] 
2023-11-06 13:56:24,418 [INFO] ApplicationProperties:184 - Using Application install path: /opt/st/stm32cubeide_1.13.2/plugins/com.st.stm32cube.common.mx_6.9.2.202309101412
2023-11-06 13:56:24,436 [INFO] DbMcusXml:78 - Set database path to: /opt/st/stm32cubeide_1.13.2/plugins/com.st.stm32cube.common.mx_6.9.2.202309101412//db//mcu/
2023-11-06 13:56:24,436 [INFO] ApiDb:274 - Set plugin database path to: /opt/st/stm32cubeide_1.13.2/plugins/com.st.stm32cube.common.mx_6.9.2.202309101412//db//plugins/boardmanager/
2023-11-06 13:56:24,437 [WARN] ApiDb:259 - Overriding images path with different value:  => /opt/st/stm32cubeide_1.13.2/plugins/com.st.stm32cube.common.mx_6.9.2.202309101412//db//plugins/mcufinder/images/
2023-11-06 13:56:24,447 [INFO] ApiDb:250 - Set database path to: /home/khoitran/.stmcufinder/plugins/mcufinder//mcu/
2023-11-06 13:56:24,448 [INFO] DbMcusAds:125 - Set database path to: /home/khoitran/.stmcufinder/plugins/mcufinder//mcu/
2023-11-06 13:56:24,452 [INFO] CrossReferenceDbSqlite:203 - Set database path to: /home/khoitran/.stmcufinder/plugins/mcufinder//mcu/cs/
2023-11-06 13:56:24,569 [INFO] RulesReader:64 - Compatibility file has been processed (293 Rules)
2023-11-06 13:56:24,641 [INFO] DbMcusXml:78 - Set database path to: /opt/st/stm32cubeide_1.13.2/plugins/com.st.stm32cube.common.mx_6.9.2.202309101412//db//mcu/
2023-11-06 13:56:24,642 [INFO] ApiDb:274 - Set plugin database path to: /opt/st/stm32cubeide_1.13.2/plugins/com.st.stm32cube.common.mx_6.9.2.202309101412//db//plugins/boardmanager/
2023-11-06 13:56:24,642 [INFO] ApiDb:261 - Set plugin images path to: /opt/st/stm32cubeide_1.13.2/plugins/com.st.stm32cube.common.mx_6.9.2.202309101412//db//plugins/mcufinder/images/
2023-11-06 13:56:24,642 [WARN] DbFile:41 - Overriding database path with different value: /home/khoitran/.stmcufinder/plugins/mcufinder/ => /home/khoitran/.stmcufinder/plugins/mcufinder
2023-11-06 13:56:24,642 [INFO] ApiDb:250 - Set database path to: /home/khoitran/.stmcufinder/plugins/mcufinder//mcu/
2023-11-06 13:56:24,642 [WARN] DbFile:41 - Overriding database path with different value: /home/khoitran/.stmcufinder/plugins/mcufinder/ => /home/khoitran/.stmcufinder/plugins/mcufinder
2023-11-06 13:56:24,642 [INFO] DbMcusAds:125 - Set database path to: /home/khoitran/.stmcufinder/plugins/mcufinder//mcu/
2023-11-06 13:56:24,642 [WARN] DbFile:41 - Overriding database path with different value: /home/khoitran/.stmcufinder/plugins/mcufinder/ => /home/khoitran/.stmcufinder/plugins/mcufinder
2023-11-06 13:56:24,642 [WARN] DbFile:41 - Overriding database path with different value: /home/khoitran/.stmcufinder/plugins/mcufinder/ => /home/khoitran/.stmcufinder/plugins/mcufinder
2023-11-06 13:56:24,643 [INFO] CrossReferenceDbSqlite:203 - Set database path to: /home/khoitran/.stmcufinder/plugins/mcufinder//mcu/cs/
2023-11-06 13:56:24,706 [INFO] MainPanel:262 - HeapMemory: 268435456
2023-11-06 13:56:24,793 [INFO] DbMcusXml:78 - Set database path to: /opt/st/stm32cubeide_1.13.2/plugins/com.st.stm32cube.common.mx_6.9.2.202309101412//db//mcu/
2023-11-06 13:56:24,793 [INFO] ApiDb:274 - Set plugin database path to: /opt/st/stm32cubeide_1.13.2/plugins/com.st.stm32cube.common.mx_6.9.2.202309101412//db//plugins/boardmanager/
2023-11-06 13:56:24,793 [INFO] ApiDb:261 - Set plugin images path to: /opt/st/stm32cubeide_1.13.2/plugins/com.st.stm32cube.common.mx_6.9.2.202309101412//db//plugins/mcufinder/images/
2023-11-06 13:56:24,794 [WARN] DbFile:41 - Overriding database path with different value: /home/khoitran/.stmcufinder/plugins/mcufinder/ => /home/khoitran/.stmcufinder/plugins/mcufinder
2023-11-06 13:56:24,794 [INFO] ApiDb:250 - Set database path to: /home/khoitran/.stmcufinder/plugins/mcufinder//mcu/
2023-11-06 13:56:24,794 [WARN] DbFile:41 - Overriding database path with different value: /home/khoitran/.stmcufinder/plugins/mcufinder/ => /home/khoitran/.stmcufinder/plugins/mcufinder
2023-11-06 13:56:24,794 [INFO] DbMcusAds:125 - Set database path to: /home/khoitran/.stmcufinder/plugins/mcufinder//mcu/
2023-11-06 13:56:24,794 [WARN] DbFile:41 - Overriding database path with different value: /home/khoitran/.stmcufinder/plugins/mcufinder/ => /home/khoitran/.stmcufinder/plugins/mcufinder
2023-11-06 13:56:24,794 [WARN] DbFile:41 - Overriding database path with different value: /home/khoitran/.stmcufinder/plugins/mcufinder/ => /home/khoitran/.stmcufinder/plugins/mcufinder
2023-11-06 13:56:24,795 [INFO] CrossReferenceDbSqlite:203 - Set database path to: /home/khoitran/.stmcufinder/plugins/mcufinder//mcu/cs/
2023-11-06 13:56:24,810 [INFO] ApplicationProperties:184 - Using Application install path: /opt/st/stm32cubeide_1.13.2/plugins/com.st.stm32cube.common.mx_6.9.2.202309101412
2023-11-06 13:56:24,811 [INFO] PluginManage:196 - Search for loadable plugins [exclusion list=, ]
2023-11-06 13:56:24,812 [INFO] PluginManage:310 - Check plugin analytics
2023-11-06 13:56:24,957 [INFO] AnalyticsPlugin:253 - Accepted Software Licenses: 
2023-11-06 13:56:24,958 [INFO] AnalyticsPlugin:255 - Accepted CMSIS Pack Licenses: 
2023-11-06 13:56:24,958 [INFO] AnalyticsPlugin:257 - Accepted Firmware Licenses: FW.F4.1.27.0
2023-11-06 13:56:24,960 [INFO] PluginManage:359 - Loaded plugin analytics (category:tool,tabindex:-1)
2023-11-06 13:56:24,960 [INFO] PluginManage:310 - Check plugin cadmodel
2023-11-06 13:56:25,016 [INFO] CADModel:105 - Init CAD model plugin
2023-11-06 13:56:25,017 [INFO] PluginManage:359 - Loaded plugin cadmodel (category:power,tabindex:5)
2023-11-06 13:56:25,017 [INFO] PluginManage:310 - Check plugin clock
2023-11-06 13:56:25,027 [INFO] PluginManage:359 - Loaded plugin clock (category:base,tabindex:2)
2023-11-06 13:56:25,027 [INFO] PluginManage:310 - Check plugin ddr
2023-11-06 13:56:25,030 [INFO] PluginManage:359 - Loaded plugin ddr (category:tool,tabindex:6)
2023-11-06 13:56:25,030 [INFO] PluginManage:310 - Check plugin filemanager
2023-11-06 13:56:25,152 [INFO] PluginManage:359 - Loaded plugin filemanager (category:base,tabindex:10)
2023-11-06 13:56:25,152 [INFO] PluginManage:310 - Check plugin ipmanager
2023-11-06 13:56:25,157 [INFO] PluginManage:359 - Loaded plugin ipmanager (category:base,tabindex:5)
2023-11-06 13:56:25,157 [INFO] PluginManage:310 - Check plugin lpbam
2023-11-06 13:56:25,166 [INFO] PluginManage:359 - Loaded plugin lpbam (category:base,tabindex:0)
2023-11-06 13:56:25,166 [INFO] PluginManage:310 - Check plugin memorymap
2023-11-06 13:56:25,177 [INFO] PluginManage:359 - Loaded plugin memorymap (category:base,tabindex:4)
2023-11-06 13:56:25,177 [INFO] PluginManage:310 - Check plugin pinoutandconfiguration
2023-11-06 13:56:25,185 [INFO] PluginManage:359 - Loaded plugin pinoutandconfiguration (category:base,tabindex:1)
2023-11-06 13:56:25,185 [INFO] PluginManage:310 - Check plugin pinoutconfig
2023-11-06 13:56:25,268 [WARN] SupportedApi:132 - Cannot load RTOS API schema: s4s-elt-must-match.1: The content of 'definitions' must match (annotation?, (simpleType | complexType)?, (unique | key | keyref)*)). A problem was found starting at: attribute.
2023-11-06 13:56:25,387 [INFO] PluginManage:359 - Loaded plugin pinoutconfig (category:base,tabindex:0)
2023-11-06 13:56:25,388 [INFO] PluginManage:310 - Check plugin power
2023-11-06 13:56:25,397 [INFO] PluginManage:359 - Loaded plugin power (category:power,tabindex:4)
2023-11-06 13:56:25,397 [INFO] PluginManage:310 - Check plugin projectmanager
2023-11-06 13:56:25,410 [INFO] PluginManage:359 - Loaded plugin projectmanager (category:projectmanager,tabindex:3)
2023-11-06 13:56:25,410 [INFO] PluginManage:310 - Check plugin thirdparty
2023-11-06 13:56:25,532 [INFO] PluginManage:359 - Loaded plugin thirdparty (category:base,tabindex:-1)
2023-11-06 13:56:25,532 [WARN] IntegrityCheckThread:84 - waiting for thirdparty lock release [integrity check]
2023-11-06 13:56:25,533 [INFO] IntegrityCheckThread:86 - entering critical section [integrity check]
2023-11-06 13:56:25,533 [INFO] PluginManage:310 - Check plugin tools
2023-11-06 13:56:25,534 [INFO] ThirdPartyUpdaterWithRetryManager:70 - Updater plugin not ready yet. [1/15]
2023-11-06 13:56:25,536 [INFO] PluginManage:359 - Loaded plugin tools (category:base,tabindex:7)
2023-11-06 13:56:25,537 [INFO] PluginManage:310 - Check plugin tutovideos
2023-11-06 13:56:25,701 [INFO] PluginManage:359 - Loaded plugin tutovideos (category:base,tabindex:-1)
2023-11-06 13:56:25,701 [INFO] PluginManage:310 - Check plugin updater
2023-11-06 13:56:25,714 [INFO] PluginManage:359 - Loaded plugin updater (category:base,tabindex:12)
2023-11-06 13:56:25,714 [INFO] PluginManage:310 - Check plugin userauth
2023-11-06 13:56:25,720 [INFO] UserAuth:113 - Init User Auth plugin
2023-11-06 13:56:25,720 [INFO] PluginManage:359 - Loaded plugin userauth (category:base,tabindex:14)
2023-11-06 13:56:25,721 [INFO] PluginManage:283 - PluginManage : Loaded plugins [17]
2023-11-06 13:56:25,924 [INFO] PinOutPanel:1499 - setPackage(No Configuration,No Configuration)
2023-11-06 13:56:26,013 [INFO] CADModel:165 - CPN selected for project level
2023-11-06 13:56:26,013 [INFO] CADModel:114 - Register for checkConnection events
2023-11-06 13:56:26,025 [INFO] IPUIPlugin:80 - create IPUIPlugin
2023-11-06 13:56:26,025 [INFO] PluginManager:220 - loadIPPluginJar : add dfsdm
2023-11-06 13:56:26,030 [INFO] IPUIPlugin:80 - create IPUIPlugin
2023-11-06 13:56:26,030 [INFO] PluginManager:220 - loadIPPluginJar : add i2c
2023-11-06 13:56:26,039 [INFO] IPUIPlugin:80 - create IPUIPlugin
2023-11-06 13:56:26,042 [INFO] PluginManager:220 - loadIPPluginJar : add plateformsettings
2023-11-06 13:56:26,044 [INFO] IPUIPlugin:80 - create IPUIPlugin
2023-11-06 13:56:26,044 [INFO] PluginManager:220 - loadIPPluginJar : add quadspi
2023-11-06 13:56:26,046 [INFO] IPUIPlugin:80 - create IPUIPlugin
2023-11-06 13:56:26,047 [INFO] PluginManager:220 - loadIPPluginJar : add dma3
2023-11-06 13:56:26,051 [INFO] IPUIPlugin:80 - create IPUIPlugin
2023-11-06 13:56:26,051 [INFO] PluginManager:220 - loadIPPluginJar : add usart
2023-11-06 13:56:26,053 [INFO] IPUIPlugin:80 - create IPUIPlugin
2023-11-06 13:56:26,054 [INFO] PluginManager:220 - loadIPPluginJar : add ts
2023-11-06 13:56:26,057 [INFO] IPUIPlugin:80 - create IPUIPlugin
2023-11-06 13:56:26,057 [INFO] PluginManager:220 - loadIPPluginJar : add gtzc
2023-11-06 13:56:26,058 [INFO] IPUIPlugin:80 - create IPUIPlugin
2023-11-06 13:56:26,059 [INFO] PluginManager:220 - loadIPPluginJar : add comp
2023-11-06 13:56:26,061 [INFO] IPUIPlugin:80 - create IPUIPlugin
2023-11-06 13:56:26,062 [INFO] PluginManager:220 - loadIPPluginJar : add can
2023-11-06 13:56:26,067 [INFO] IPUIPlugin:80 - create IPUIPlugin
2023-11-06 13:56:26,067 [INFO] PluginManager:220 - loadIPPluginJar : add gpio
2023-11-06 13:56:26,073 [INFO] IPUIPlugin:80 - create IPUIPlugin
2023-11-06 13:56:26,073 [INFO] PluginManager:220 - loadIPPluginJar : add resmgrutility
2023-11-06 13:56:26,079 [INFO] IPUIPlugin:80 - create IPUIPlugin
2023-11-06 13:56:26,080 [INFO] PluginManager:220 - loadIPPluginJar : add linkedlist
2023-11-06 13:56:26,081 [INFO] IPUIPlugin:80 - create IPUIPlugin
2023-11-06 13:56:26,082 [INFO] PluginManager:220 - loadIPPluginJar : add tsc
2023-11-06 13:56:26,087 [INFO] IPUIPlugin:80 - create IPUIPlugin
2023-11-06 13:56:26,087 [INFO] PluginManager:220 - loadIPPluginJar : add gic
2023-11-06 13:56:26,092 [INFO] IPUIPlugin:80 - create IPUIPlugin
2023-11-06 13:56:26,092 [INFO] PluginManager:220 - loadIPPluginJar : add mdma
2023-11-06 13:56:26,095 [INFO] IPUIPlugin:80 - create IPUIPlugin
2023-11-06 13:56:26,095 [INFO] PluginManager:220 - loadIPPluginJar : add opamp
2023-11-06 13:56:26,100 [INFO] IPUIPlugin:80 - create IPUIPlugin
2023-11-06 13:56:26,101 [INFO] PluginManager:220 - loadIPPluginJar : add adc
2023-11-06 13:56:26,106 [INFO] IPUIPlugin:80 - create IPUIPlugin
2023-11-06 13:56:26,106 [INFO] PluginManager:220 - loadIPPluginJar : add dma
2023-11-06 13:56:26,109 [INFO] IPUIPlugin:80 - create IPUIPlugin
2023-11-06 13:56:26,109 [INFO] PluginManager:220 - loadIPPluginJar : add ipddr
2023-11-06 13:56:26,111 [INFO] IPUIPlugin:80 - create IPUIPlugin
2023-11-06 13:56:26,111 [INFO] PluginManager:220 - loadIPPluginJar : add hash
2023-11-06 13:56:26,113 [INFO] IPUIPlugin:80 - create IPUIPlugin
2023-11-06 13:56:26,113 [INFO] PluginManager:220 - loadIPPluginJar : add aes
2023-11-06 13:56:26,119 [INFO] IPUIPlugin:80 - create IPUIPlugin
2023-11-06 13:56:26,119 [INFO] PluginManager:220 - loadIPPluginJar : add freertos
2023-11-06 13:56:26,121 [INFO] IPUIPlugin:80 - create IPUIPlugin
2023-11-06 13:56:26,121 [INFO] PluginManager:220 - loadIPPluginJar : add tim
2023-11-06 13:56:26,124 [INFO] IPUIPlugin:80 - create IPUIPlugin
2023-11-06 13:56:26,124 [INFO] PluginManager:220 - loadIPPluginJar : add pdm2pcm
2023-11-06 13:56:26,129 [INFO] IPUIPlugin:80 - create IPUIPlugin
2023-11-06 13:56:26,129 [INFO] PluginManager:220 - loadIPPluginJar : add fmc
2023-11-06 13:56:26,131 [INFO] IPUIPlugin:80 - create IPUIPlugin
2023-11-06 13:56:26,131 [INFO] PluginManager:220 - loadIPPluginJar : add spi
2023-11-06 13:56:26,135 [INFO] IPUIPlugin:80 - create IPUIPlugin
2023-11-06 13:56:26,136 [INFO] PluginManager:220 - loadIPPluginJar : add sai
2023-11-06 13:56:26,137 [INFO] IPUIPlugin:80 - create IPUIPlugin
2023-11-06 13:56:26,137 [INFO] PluginManager:220 - loadIPPluginJar : add fatfs
2023-11-06 13:56:26,139 [INFO] IPUIPlugin:80 - create IPUIPlugin
2023-11-06 13:56:26,139 [INFO] PluginManager:220 - loadIPPluginJar : add tracer_emb
2023-11-06 13:56:26,142 [INFO] IPUIPlugin:80 - create IPUIPlugin
2023-11-06 13:56:26,142 [INFO] PluginManager:220 - loadIPPluginJar : add gfxmmu
2023-11-06 13:56:26,143 [INFO] IPUIPlugin:80 - create IPUIPlugin
2023-11-06 13:56:26,143 [INFO] PluginManager:220 - loadIPPluginJar : add genericplugin
2023-11-06 13:56:26,146 [INFO] IPUIPlugin:80 - create IPUIPlugin
2023-11-06 13:56:26,146 [INFO] PluginManager:220 - loadIPPluginJar : add i2s
2023-11-06 13:56:26,149 [INFO] IPUIPlugin:80 - create IPUIPlugin
2023-11-06 13:56:26,149 [INFO] PluginManager:220 - loadIPPluginJar : add touchsensing
2023-11-06 13:56:26,153 [INFO] IPUIPlugin:80 - create IPUIPlugin
2023-11-06 13:56:26,153 [INFO] PluginManager:220 - loadIPPluginJar : add usbx
2023-11-06 13:56:26,156 [INFO] IPUIPlugin:80 - create IPUIPlugin
2023-11-06 13:56:26,156 [INFO] PluginManager:220 - loadIPPluginJar : add i3c
2023-11-06 13:56:26,159 [INFO] IPUIPlugin:80 - create IPUIPlugin
2023-11-06 13:56:26,160 [INFO] PluginManager:220 - loadIPPluginJar : add nvic
2023-11-06 13:56:26,165 [INFO] IPUIPlugin:80 - create IPUIPlugin
2023-11-06 13:56:26,165 [INFO] PluginManager:220 - loadIPPluginJar : add stm32_wpan
2023-11-06 13:56:26,168 [INFO] IPUIPlugin:80 - create IPUIPlugin
2023-11-06 13:56:26,168 [INFO] PluginManager:220 - loadIPPluginJar : add openamp
2023-11-06 13:56:26,171 [INFO] IPUIPlugin:80 - create IPUIPlugin
2023-11-06 13:56:26,172 [INFO] PluginManager:220 - loadIPPluginJar : add cryp
2023-11-06 13:56:26,174 [INFO] IPUIPlugin:80 - create IPUIPlugin
2023-11-06 13:56:26,174 [INFO] PluginManager:220 - loadIPPluginJar : add lorawan
2023-11-06 13:56:26,175 [INFO] IPUIPlugin:80 - create IPUIPlugin
2023-11-06 13:56:26,176 [INFO] PluginManager:220 - loadIPPluginJar : add ltdc
2023-11-06 13:56:26,178 [INFO] IPUIPlugin:80 - create IPUIPlugin
2023-11-06 13:56:26,178 [INFO] PluginManager:220 - loadIPPluginJar : add ucpd
2023-11-06 13:56:26,278 [INFO] CADModel:165 - CPN selected for project level
2023-11-06 13:56:26,278 [INFO] CADModel:114 - Register for checkConnection events
2023-11-06 13:56:26,279 [FATAL] Updater:308 - Updater called before beeing initialized
2023-11-06 13:56:26,279 [ERROR] CADModel:125 - Updater not yet initialized, retry later 
2023-11-06 13:56:26,411 [INFO] CADModel:165 - CPN selected for project level
2023-11-06 13:56:26,411 [INFO] CADModel:114 - Register for checkConnection events
2023-11-06 13:56:26,411 [FATAL] Updater:308 - Updater called before beeing initialized
2023-11-06 13:56:26,411 [ERROR] CADModel:125 - Updater not yet initialized, retry later 
2023-11-06 13:56:26,416 [FATAL] Updater:308 - Updater called before beeing initialized
2023-11-06 13:56:26,503 [FATAL] Updater:308 - Updater called before beeing initialized
2023-11-06 13:56:26,509 [INFO] DbMcusAds:53 - JSON generation date=Tue Mar 07 15:50:55 ICT 2023 (1678179055114)
2023-11-06 13:56:26,509 [FATAL] Updater:308 - Updater called before beeing initialized
2023-11-06 13:56:26,542 [WARN] DetailPanel:346 - Failed to get advertising image, set to default
2023-11-06 13:56:26,650 [FATAL] Updater:308 - Updater called before beeing initialized
2023-11-06 13:56:26,652 [FATAL] Updater:308 - Updater called before beeing initialized
2023-11-06 13:56:26,653 [FATAL] Updater:308 - Updater called before beeing initialized
2023-11-06 13:56:26,653 [WARN] DetailPanel:346 - Failed to get advertising image, set to default
2023-11-06 13:56:26,654 [FATAL] Updater:308 - Updater called before beeing initialized
2023-11-06 13:56:26,690 [ERROR] Updater:1120 - MainUpdater not yet initialized. External WinMGr cannot be set.
2023-11-06 13:56:26,693 [INFO] Updater:1056 - Updater Version found : 6.9.2
2023-11-06 13:56:26,715 [INFO] ApplicationProperties:184 - Using Application install path: /opt/st/stm32cubeide_1.13.2/plugins/com.st.stm32cube.common.mx_6.9.2.202309101412
2023-11-06 13:56:28,535 [INFO] ThirdPartyUpdaterWithRetryManager:70 - Updater plugin not ready yet. [2/15]
2023-11-06 13:56:29,616 [INFO] MainUpdater:2868 - connection check result : 10
2023-11-06 13:56:29,616 [INFO] MainUpdater:3562 - Updater definition file requires update
2023-11-06 13:56:29,617 [INFO] MainUpdater:285 - Updater Check For Update Now.
2023-11-06 13:56:29,617 [INFO] MicroXplorer:498 - Change Database Version : DB.6.0.92
2023-11-06 13:56:29,625 [INFO] McuFinderGlobals:63 - Set McuFinder mode to 2 (CubeIDE integrated)
2023-11-06 13:56:29,625 [INFO] UserAuth:179 - activating auth plugin
2023-11-06 13:56:29,632 [INFO] UserAuth:393 - Internet connection configuration mode: 1
2023-11-06 13:56:29,653 [INFO] JxBrowserEngine:151 - Initiate JxBrowser Engine with user profile folder
2023-11-06 13:56:29,674 [INFO] ServerAccessManage:473 - Download File updaters.zip
2023-11-06 13:56:29,878 [INFO] FileExtend:240 - Unzip File : updaters.zip
2023-11-06 13:56:29,878 [INFO] FileExtend:255 - Standard Zip Deflate
2023-11-06 13:56:30,045 [INFO] ServerAccessManage:473 - Download File PacksControlFlags.xml
2023-11-06 13:56:30,379 [INFO] ServerAccessManage:473 - Download File cubemx.pidx
2023-11-06 13:56:30,623 [INFO] WebApp:157 - Instantiating new browser for Auth
2023-11-06 13:56:30,951 [INFO] ServerAccessManage:473 - Download File STMicroelectronics.X-CUBE-BLEMGR.pdsc
2023-11-06 13:56:31,202 [INFO] WebApp:753 - Register for checkConnection events
2023-11-06 13:56:31,203 [INFO] WebApp:390 - Apply proxy settings
2023-11-06 13:56:31,203 [INFO] WebApp:475 - Chromium requires no authentication
2023-11-06 13:56:31,210 [INFO] WebApp:418 - Direct internet connection detected
2023-11-06 13:56:31,357 [INFO] WebApp:188 - Starting web application
2023-11-06 13:56:31,357 [INFO] WebApp:520 - Web application path used /opt/st/stm32cubeide_1.13.2/plugins/com.st.stm32cube.common.mx_6.9.2.202309101412/db/plugins/mcufinder/reactClient1/index.html
2023-11-06 13:56:31,535 [WARN] MainUpdater:1189 - Updater busy. Cannot search thirdparties
2023-11-06 13:56:31,536 [INFO] ThirdPartyUpdaterWithRetryManager:96 - Updater plugin is busy. [1/15]
2023-11-06 13:56:32,037 [ERROR] ConfigurationRetriever:142 - IOException on connection: Connect timed out
2023-11-06 13:56:32,294 [INFO] ServerAccessManage:473 - Download File STMicroelectronics.X-CUBE-EEPRMA1.pdsc
2023-11-06 13:56:34,205 [ERROR] ServerAccessManage:1089 - Problem, file not found on Server
2023-11-06 13:56:34,536 [WARN] MainUpdater:1189 - Updater busy. Cannot search thirdparties
2023-11-06 13:56:34,536 [INFO] ThirdPartyUpdaterWithRetryManager:96 - Updater plugin is busy. [2/15]
2023-11-06 13:56:36,045 [INFO] ServerAccessManage:473 - Download File STMicroelectronics.X-CUBE-FREERTOS.pdsc
2023-11-06 13:56:37,537 [WARN] MainUpdater:1189 - Updater busy. Cannot search thirdparties
2023-11-06 13:56:37,537 [INFO] ThirdPartyUpdaterWithRetryManager:96 - Updater plugin is busy. [3/15]
2023-11-06 13:56:39,050 [INFO] ServerAccessManage:473 - Download File STMicroelectronics.X-CUBE-GNSS1.pdsc
2023-11-06 13:56:40,538 [WARN] MainUpdater:1189 - Updater busy. Cannot search thirdparties
2023-11-06 13:56:40,538 [INFO] ThirdPartyUpdaterWithRetryManager:96 - Updater plugin is busy. [4/15]
2023-11-06 13:56:41,716 [ERROR] ServerAccessManage:1089 - Problem, file not found on Server
2023-11-06 13:56:43,182 [ERROR] ServerAccessManage:1089 - Problem, file not found on Server
2023-11-06 13:56:43,538 [WARN] MainUpdater:1189 - Updater busy. Cannot search thirdparties
2023-11-06 13:56:43,538 [INFO] ThirdPartyUpdaterWithRetryManager:96 - Updater plugin is busy. [5/15]
2023-11-06 13:56:44,310 [ERROR] ServerAccessManage:1089 - Problem, file not found on Server
2023-11-06 13:56:45,436 [ERROR] ServerAccessManage:1089 - Problem, file not found on Server
2023-11-06 13:56:46,377 [ERROR] ServerAccessManage:1089 - Problem, file not found on Server
2023-11-06 13:56:46,539 [WARN] MainUpdater:1189 - Updater busy. Cannot search thirdparties
2023-11-06 13:56:46,539 [INFO] ThirdPartyUpdaterWithRetryManager:96 - Updater plugin is busy. [6/15]
2023-11-06 13:56:47,793 [ERROR] ServerAccessManage:1089 - Problem, file not found on Server
2023-11-06 13:56:47,967 [INFO] ServerAccessManage:473 - Download File STMicroelectronics.X-CUBE-ISPU.pdsc
2023-11-06 13:56:48,599 [INFO] ServerAccessManage:473 - Download File STMicroelectronics.X-CUBE-MEMS1.pdsc
2023-11-06 13:56:49,540 [WARN] MainUpdater:1189 - Updater busy. Cannot search thirdparties
2023-11-06 13:56:49,541 [INFO] ThirdPartyUpdaterWithRetryManager:96 - Updater plugin is busy. [7/15]
2023-11-06 13:56:51,884 [ERROR] LogOutputStream:75 - [STDERR_REDIRECT] SLF4J: Failed to load class "org.slf4j.impl.StaticLoggerBinder".
2023-11-06 13:56:51,885 [ERROR] LogOutputStream:75 - [STDERR_REDIRECT] SLF4J: Defaulting to no-operation (NOP) logger implementation
2023-11-06 13:56:51,886 [ERROR] LogOutputStream:75 - [STDERR_REDIRECT] SLF4J: See http://www.slf4j.org/codes.html#StaticLoggerBinder for further details.
2023-11-06 13:56:52,377 [INFO] ServerAccessManage:473 - Download File STMicroelectronics.X-CUBE-NFC4.pdsc
2023-11-06 13:56:52,542 [WARN] MainUpdater:1189 - Updater busy. Cannot search thirdparties
2023-11-06 13:56:52,542 [INFO] ThirdPartyUpdaterWithRetryManager:96 - Updater plugin is busy. [8/15]
2023-11-06 13:56:54,772 [INFO] ServerAccessManage:473 - Download File STMicroelectronics.X-CUBE-NFC6.pdsc
2023-11-06 13:56:55,543 [WARN] MainUpdater:1189 - Updater busy. Cannot search thirdparties
2023-11-06 13:56:55,543 [INFO] ThirdPartyUpdaterWithRetryManager:96 - Updater plugin is busy. [9/15]
2023-11-06 13:56:56,166 [INFO] ServerAccessManage:473 - Download File STMicroelectronics.X-CUBE-NFC7.pdsc
2023-11-06 13:56:58,544 [WARN] MainUpdater:1189 - Updater busy. Cannot search thirdparties
2023-11-06 13:56:58,544 [INFO] ThirdPartyUpdaterWithRetryManager:96 - Updater plugin is busy. [10/15]
2023-11-06 13:56:59,701 [INFO] ServerAccessManage:473 - Download File STMicroelectronics.X-CUBE-SFXS2LP1.pdsc
2023-11-06 13:57:01,152 [INFO] ServerAccessManage:473 - Download File STMicroelectronics.X-CUBE-SUBG2.pdsc
2023-11-06 13:57:01,545 [WARN] MainUpdater:1189 - Updater busy. Cannot search thirdparties
2023-11-06 13:57:01,545 [INFO] ThirdPartyUpdaterWithRetryManager:96 - Updater plugin is busy. [11/15]
2023-11-06 13:57:04,546 [WARN] MainUpdater:1189 - Updater busy. Cannot search thirdparties
2023-11-06 13:57:04,547 [INFO] ThirdPartyUpdaterWithRetryManager:96 - Updater plugin is busy. [12/15]
2023-11-06 13:57:04,588 [INFO] ServerAccessManage:473 - Download File STMicroelectronics.X-CUBE-SMBUS.pdsc
2023-11-06 13:57:05,969 [ERROR] ServerAccessManage:1089 - Problem, file not found on Server
2023-11-06 13:57:07,200 [INFO] ServerAccessManage:473 - Download File STMicroelectronics.X-CUBE-TOF1.pdsc
2023-11-06 13:57:07,547 [WARN] MainUpdater:1189 - Updater busy. Cannot search thirdparties
2023-11-06 13:57:07,548 [INFO] ThirdPartyUpdaterWithRetryManager:96 - Updater plugin is busy. [13/15]
2023-11-06 13:57:10,548 [WARN] MainUpdater:1189 - Updater busy. Cannot search thirdparties
2023-11-06 13:57:10,549 [INFO] ThirdPartyUpdaterWithRetryManager:96 - Updater plugin is busy. [14/15]
2023-11-06 13:57:13,549 [WARN] MainUpdater:1189 - Updater busy. Cannot search thirdparties
2023-11-06 13:57:13,550 [INFO] ThirdPartyUpdaterWithRetryManager:96 - Updater plugin is busy. [15/15]
2023-11-06 13:57:13,550 [ERROR] IntegrityCheckThread:130 - Cannot retrieve database content from updater: error -1
2023-11-06 13:57:13,551 [INFO] ThirdParty:978 - Integrity check success = false
2023-11-06 13:57:13,551 [INFO] IntegrityCheckThread:100 - exiting critical section [integrity check]
2023-11-06 13:57:13,551 [INFO] IntegrityCheckThread:103 - End integrity checks thread
2023-11-06 13:57:14,403 [ERROR] ServerAccessManage:1089 - Problem, file not found on Server
2023-11-06 13:57:15,823 [INFO] ServerAccessManage:473 - Download File STMicroelectronics.X-CUBE-TOUCHGFX.pdsc
2023-11-06 13:57:18,503 [INFO] ServerAccessManage:473 - Download File STMicroelectronics.X-CUBE-ALGOBUILD.pdsc
2023-11-06 13:57:19,819 [INFO] ServerAccessManage:473 - Download File STMicroelectronics.X-CUBE-AZRTOS-H7.pdsc
2023-11-06 13:57:20,582 [INFO] ServerAccessManage:473 - Download File STMicroelectronics.X-CUBE-AZRTOS-F4.pdsc
2023-11-06 13:57:21,302 [INFO] ServerAccessManage:473 - Download File STMicroelectronics.X-CUBE-AZRTOS-F7.pdsc
2023-11-06 13:57:23,437 [INFO] ServerAccessManage:473 - Download File STMicroelectronics.X-CUBE-AZRTOS-L4.pdsc
2023-11-06 13:57:27,145 [INFO] ServerAccessManage:473 - Download File STMicroelectronics.X-CUBE-AZRTOS-L5.pdsc
2023-11-06 13:57:32,190 [INFO] ServerAccessManage:473 - Download File STMicroelectronics.X-CUBE-AZRTOS-G0.pdsc
2023-11-06 13:57:33,170 [INFO] ServerAccessManage:473 - Download File STMicroelectronics.X-CUBE-AZRTOS-G4.pdsc
2023-11-06 13:57:34,593 [INFO] ServerAccessManage:473 - Download File STMicroelectronics.X-CUBE-AZRTOS-WB.pdsc
2023-11-06 13:57:37,875 [INFO] ServerAccessManage:473 - Download File STMicroelectronics.X-CUBE-AZRTOS-WL.pdsc
2023-11-06 13:57:41,559 [INFO] ServerAccessManage:473 - Download File wolfSSL.I-CUBE-wolfSSL.pdsc
2023-11-06 13:57:53,837 [ERROR] ServerAccessManage:1089 - Problem, file not found on Server
2023-11-06 13:57:54,671 [ERROR] ServerAccessManage:1089 - Problem, file not found on Server
2023-11-06 13:57:55,309 [ERROR] ServerAccessManage:1089 - Problem, file not found on Server
2023-11-06 13:58:11,666 [ERROR] ServerAccessManage:1096 - Problem, Http access forbiden
2023-11-06 13:58:11,667 [ERROR] ServerAccessManage:651 - Problem, Http access forbiden : RoweBots.I-CUBE-UNISONRTOS.pdsc.
2023-11-06 13:58:12,711 [ERROR] ServerAccessManage:1172 - Problem during Server Connection :  IO error PKIX path building failed: sun.security.provider.certpath.SunCertPathBuilderException: unable to find valid certification path to requested target
2023-11-06 13:58:12,711 [ERROR] ServerAccessManage:651 - Problem during Server Connection :  : SEGGER.I-CUBE-embOS.pdsc.
2023-11-06 13:58:15,049 [INFO] ServerAccessManage:473 - Download File portGmbH.I-Cube-SoM-uGOAL.pdsc
2023-11-06 13:58:19,395 [ERROR] ServerAccessManage:1089 - Problem, file not found on Server
2023-11-06 13:58:19,617 [ERROR] ServerAccessManage:1089 - Problem, file not found on Server
2023-11-06 13:58:19,852 [ERROR] ServerAccessManage:1089 - Problem, file not found on Server
2023-11-06 13:58:24,776 [INFO] ServerAccessManage:473 - Download File emotas.I-CUBE-CANOPEN.pdsc
2023-11-06 13:58:34,707 [INFO] ServerAccessManage:473 - Download File WES.I-CUBE-Cesium.pdsc
2023-11-06 13:58:38,603 [ERROR] ServerAccessManage:1089 - Problem, file not found on Server
2023-11-06 13:58:39,822 [ERROR] ServerAccessManage:1089 - Problem, file not found on Server
2023-11-06 13:58:41,594 [INFO] ServerAccessManage:473 - Download File ITTIA_DB.I-CUBE-ITTIADB.pdsc
2023-11-06 13:58:55,707 [INFO] ServerAccessManage:473 - Download File Infineon.AIROC-Wi-Fi-Bluetooth-STM32.pdsc
2023-11-06 13:58:56,514 [INFO] McuFinderGlobals:63 - Set McuFinder mode to 2 (CubeIDE integrated)
2023-11-06 13:59:01,923 [WARN] PackLoader:240 - Cannot read IP mode file for STMicroelectronics.X-CUBE-BLEMGR.3.0.0
2023-11-06 13:59:01,933 [WARN] PackLoader:240 - Cannot read IP mode file for STMicroelectronics.X-CUBE-EEPRMA1.4.2.0
2023-11-06 13:59:01,941 [WARN] PackLoader:240 - Cannot read IP mode file for STMicroelectronics.X-CUBE-FREERTOS.1.1.0
2023-11-06 13:59:01,946 [WARN] PackLoader:240 - Cannot read IP mode file for STMicroelectronics.X-CUBE-GNSS1.6.0.0
2023-11-06 13:59:01,951 [WARN] PackLoader:240 - Cannot read IP mode file for STMicroelectronics.X-CUBE-ISPU.1.1.0
2023-11-06 13:59:01,998 [WARN] PackLoader:240 - Cannot read IP mode file for STMicroelectronics.X-CUBE-MEMS1.10.0.0
2023-11-06 13:59:02,062 [INFO] CheckServerUpdateThread:120 - End of CheckServer Thread
2023-11-06 13:59:02,123 [INFO] MainUpdater:2868 - connection check result : 10
2023-11-06 13:59:02,134 [INFO] MainUpdater:2868 - connection check result : 10
2023-11-06 13:59:02,152 [WARN] PackLoader:240 - Cannot read IP mode file for STMicroelectronics.X-CUBE-NFC4.3.0.0
2023-11-06 13:59:02,158 [WARN] PackLoader:240 - Cannot read IP mode file for STMicroelectronics.X-CUBE-NFC6.3.0.0
2023-11-06 13:59:02,163 [WARN] PackLoader:240 - Cannot read IP mode file for STMicroelectronics.X-CUBE-NFC7.1.0.1
2023-11-06 13:59:02,169 [WARN] PackLoader:240 - Cannot read IP mode file for STMicroelectronics.X-CUBE-SFXS2LP1.4.0.0
2023-11-06 13:59:02,176 [INFO] MicroXplorer:468 - Change Database Path : 
2023-11-06 13:59:02,176 [INFO] MicroXplorer:498 - Change Database Version : DB.6.0.92
2023-11-06 13:59:02,177 [WARN] PackLoader:240 - Cannot read IP mode file for STMicroelectronics.X-CUBE-SUBG2.5.0.0
2023-11-06 13:59:02,181 [WARN] ThirdParty:871 - waiting for thirdparty lock release [close project]
2023-11-06 13:59:02,182 [INFO] ThirdParty:873 - entering critical section [close project]
2023-11-06 13:59:02,183 [INFO] ThirdParty:883 - exiting critical section [close project]
2023-11-06 13:59:02,186 [INFO] PinOutPanel:1499 - setPackage(No Configuration,No Configuration)
2023-11-06 13:59:02,189 [WARN] PackLoader:240 - Cannot read IP mode file for STMicroelectronics.X-CUBE-SMBUS.2.1.0
2023-11-06 13:59:02,197 [WARN] PackLoader:240 - Cannot read IP mode file for STMicroelectronics.X-CUBE-TOF1.3.3.1
2023-11-06 13:59:02,197 [INFO] UtilMem:75 - Begin LoadConfig() Used Memory: 549598672 Bytes (739246080)
2023-11-06 13:59:02,213 [WARN] PackLoader:240 - Cannot read IP mode file for STMicroelectronics.X-CUBE-TOUCHGFX.4.22.1
2023-11-06 13:59:02,217 [WARN] PackLoader:240 - Cannot read IP mode file for STMicroelectronics.X-CUBE-ALGOBUILD.1.3.0
2023-11-06 13:59:02,231 [WARN] ConditionMgr:438 - getConditionDescription Invalid condition id : UX DEVICE CLASS RTOS Condition cause : null
2023-11-06 13:59:02,232 [WARN] ConditionMgr:438 - getConditionDescription Invalid condition id : UX DEVICE CLASS RTOS Condition cause : null
2023-11-06 13:59:02,234 [WARN] PackLoader:240 - Cannot read IP mode file for STMicroelectronics.X-CUBE-AZRTOS-H7.3.1.0
2023-11-06 13:59:02,236 [WARN] ConditionMgr:1039 - genDependencies : Invalid condition id : UX DEVICE CLASS RTOS Condition cause : null
2023-11-06 13:59:02,236 [WARN] ConditionMgr:1039 - genDependencies : Invalid condition id : UX DEVICE CLASS RTOS Condition cause : null
2023-11-06 13:59:02,237 [WARN] ConditionMgr:1039 - genDependencies : Invalid condition id : UX DEVICE CLASS RTOS Condition cause : null
2023-11-06 13:59:02,238 [WARN] ConditionMgr:1039 - genDependencies : Invalid condition id : UX DEVICE CLASS RTOS Condition cause : null
2023-11-06 13:59:02,238 [WARN] ConditionMgr:1039 - genDependencies : Invalid condition id : UX DEVICE CLASS RTOS Condition cause : null
2023-11-06 13:59:02,251 [WARN] PackLoader:240 - Cannot read IP mode file for STMicroelectronics.X-CUBE-AZRTOS-F4.1.1.0
2023-11-06 13:59:02,265 [WARN] PackLoader:240 - Cannot read IP mode file for STMicroelectronics.X-CUBE-AZRTOS-F7.1.1.0
2023-11-06 13:59:02,279 [WARN] ConditionMgr:438 - getConditionDescription Invalid condition id : LAN8742 Phy interface Condition cause : null
2023-11-06 13:59:02,279 [WARN] PackLoader:240 - Cannot read IP mode file for STMicroelectronics.X-CUBE-AZRTOS-L4.2.0.0
2023-11-06 13:59:02,280 [WARN] ConditionMgr:1039 - genDependencies : Invalid condition id : LAN8742 Phy interface Condition cause : null
2023-11-06 13:59:02,281 [WARN] ConditionMgr:1039 - genDependencies : Invalid condition id : LAN8742 Phy interface Condition cause : null
2023-11-06 13:59:02,281 [WARN] ConditionMgr:1039 - genDependencies : Invalid condition id : LAN8742 Phy interface Condition cause : null
2023-11-06 13:59:02,303 [WARN] PackLoader:240 - Cannot read IP mode file for STMicroelectronics.X-CUBE-AZRTOS-L5.2.0.0
2023-11-06 13:59:02,315 [WARN] PackLoader:240 - Cannot read IP mode file for STMicroelectronics.X-CUBE-AZRTOS-G0.1.1.0
2023-11-06 13:59:02,328 [WARN] PackLoader:240 - Cannot read IP mode file for STMicroelectronics.X-CUBE-AZRTOS-G4.2.0.0
2023-11-06 13:59:02,340 [WARN] ConditionMgr:438 - getConditionDescription Invalid condition id : UX DEVICE CLASS RTOS Condition cause : null
2023-11-06 13:59:02,340 [WARN] ConditionMgr:438 - getConditionDescription Invalid condition id : UX DEVICE CLASS RTOS Condition cause : null
2023-11-06 13:59:02,355 [WARN] PackLoader:240 - Cannot read IP mode file for STMicroelectronics.X-CUBE-AZRTOS-WB.2.0.0
2023-11-06 13:59:02,356 [WARN] ConditionMgr:1039 - genDependencies : Invalid condition id : UX DEVICE CLASS RTOS Condition cause : null
2023-11-06 13:59:02,356 [WARN] ConditionMgr:1039 - genDependencies : Invalid condition id : UX DEVICE CLASS RTOS Condition cause : null
2023-11-06 13:59:02,357 [WARN] ConditionMgr:1039 - genDependencies : Invalid condition id : UX DEVICE CLASS RTOS Condition cause : null
2023-11-06 13:59:02,357 [WARN] ConditionMgr:1039 - genDependencies : Invalid condition id : UX DEVICE CLASS RTOS Condition cause : null
2023-11-06 13:59:02,357 [WARN] ConditionMgr:1039 - genDependencies : Invalid condition id : UX DEVICE CLASS RTOS Condition cause : null
2023-11-06 13:59:02,366 [INFO] LogOutputStream:77 - [STDOUT_REDIRECT] 1 : Invalid condition id : UX_CORESTACK_Condition cause : null
2023-11-06 13:59:02,367 [INFO] LogOutputStream:77 - [STDOUT_REDIRECT] 1 : Invalid condition id : UX_CORESTACK_Condition cause : null
2023-11-06 13:59:02,367 [INFO] LogOutputStream:77 - [STDOUT_REDIRECT] 1 : Invalid condition id : UX_CORESTACK_Condition cause : null
2023-11-06 13:59:02,368 [INFO] LogOutputStream:77 - [STDOUT_REDIRECT] 1 : Invalid condition id : UX_CORESTACK_Condition cause : null
2023-11-06 13:59:02,368 [INFO] LogOutputStream:77 - [STDOUT_REDIRECT] 1 : Invalid condition id : UX_CORESTACK_Condition cause : null
2023-11-06 13:59:02,372 [WARN] PackLoader:240 - Cannot read IP mode file for STMicroelectronics.X-CUBE-AZRTOS-WL.2.0.0
2023-11-06 13:59:02,376 [WARN] PackLoader:240 - Cannot read IP mode file for wolfSSL.I-CUBE-wolfSSL.5.6.4
2023-11-06 13:59:02,379 [WARN] PackLoader:240 - Cannot read IP mode file for portGmbH.I-Cube-SoM-uGOAL.1.1.0
2023-11-06 13:59:02,382 [WARN] PackLoader:240 - Cannot read IP mode file for emotas.I-CUBE-CANOPEN.1.3.0
2023-11-06 13:59:02,386 [WARN] PackLoader:240 - Cannot read IP mode file for WES.I-CUBE-Cesium.1.3.0
2023-11-06 13:59:02,389 [WARN] PackLoader:240 - Cannot read IP mode file for ITTIA_DB.I-CUBE-ITTIADB.8.8.0
2023-11-06 13:59:02,397 [WARN] PackLoader:240 - Cannot read IP mode file for Infineon.AIROC-Wi-Fi-Bluetooth-STM32.1.5.1
2023-11-06 13:59:02,403 [INFO] PopulateThirdPartyThread:66 - Ending populate Thread
2023-11-06 13:59:02,405 [INFO] ThirdParty:1030 - CMSIS Pack Vendor :STMicroelectronics X-CUBE-ISPU 1.1.0
2023-11-06 13:59:02,405 [INFO] ThirdParty:1030 - CMSIS Pack Vendor :STMicroelectronics X-CUBE-GNSS1 6.0.0
2023-11-06 13:59:02,405 [INFO] ThirdParty:1030 - CMSIS Pack Vendor :STMicroelectronics X-CUBE-AZRTOS-F4 1.1.0
2023-11-06 13:59:02,405 [INFO] ThirdParty:1030 - CMSIS Pack Vendor :wolfSSL I-CUBE-wolfSSL 5.6.4
2023-11-06 13:59:02,405 [INFO] ThirdParty:1030 - CMSIS Pack Vendor :STMicroelectronics X-CUBE-SMBUS 2.1.0
2023-11-06 13:59:02,406 [INFO] ThirdParty:1030 - CMSIS Pack Vendor :STMicroelectronics X-CUBE-AZRTOS-WB 2.0.0
2023-11-06 13:59:02,406 [INFO] ThirdParty:1030 - CMSIS Pack Vendor :emotas I-CUBE-CANOPEN 1.3.0
2023-11-06 13:59:02,406 [INFO] ThirdParty:1030 - CMSIS Pack Vendor :STMicroelectronics X-CUBE-MEMS1 10.0.0
2023-11-06 13:59:02,406 [INFO] ThirdParty:1030 - CMSIS Pack Vendor :STMicroelectronics X-CUBE-FREERTOS 1.1.0
2023-11-06 13:59:02,406 [INFO] ThirdParty:1030 - CMSIS Pack Vendor :STMicroelectronics X-CUBE-NFC7 1.0.1
2023-11-06 13:59:02,406 [INFO] ThirdParty:1030 - CMSIS Pack Vendor :STMicroelectronics X-CUBE-TOUCHGFX 4.22.1
2023-11-06 13:59:02,406 [INFO] ThirdParty:1030 - CMSIS Pack Vendor :STMicroelectronics X-CUBE-AZRTOS-F7 1.1.0
2023-11-06 13:59:02,406 [INFO] ThirdParty:1030 - CMSIS Pack Vendor :STMicroelectronics X-CUBE-AZRTOS-L5 2.0.0
2023-11-06 13:59:02,406 [INFO] ThirdParty:1030 - CMSIS Pack Vendor :STMicroelectronics X-CUBE-NFC6 3.0.0
2023-11-06 13:59:02,406 [INFO] ThirdParty:1030 - CMSIS Pack Vendor :portGmbH I-Cube-SoM-uGOAL 1.1.0
2023-11-06 13:59:02,406 [INFO] ThirdParty:1030 - CMSIS Pack Vendor :STMicroelectronics X-CUBE-EEPRMA1 4.2.0
2023-11-06 13:59:02,406 [INFO] ThirdParty:1030 - CMSIS Pack Vendor :ITTIA_DB I-CUBE-ITTIADB 8.8.0
2023-11-06 13:59:02,406 [INFO] ThirdParty:1030 - CMSIS Pack Vendor :STMicroelectronics X-CUBE-ALGOBUILD 1.3.0
2023-11-06 13:59:02,406 [INFO] ThirdParty:1030 - CMSIS Pack Vendor :STMicroelectronics X-CUBE-AZRTOS-WL 2.0.0
2023-11-06 13:59:02,406 [INFO] ThirdParty:1030 - CMSIS Pack Vendor :STMicroelectronics X-CUBE-AZRTOS-G0 1.1.0
2023-11-06 13:59:02,407 [INFO] ThirdParty:1030 - CMSIS Pack Vendor :STMicroelectronics X-CUBE-NFC4 3.0.0
2023-11-06 13:59:02,407 [INFO] ThirdParty:1030 - CMSIS Pack Vendor :STMicroelectronics X-CUBE-SUBG2 5.0.0
2023-11-06 13:59:02,407 [INFO] ThirdParty:1030 - CMSIS Pack Vendor :STMicroelectronics X-CUBE-AZRTOS-L4 2.0.0
2023-11-06 13:59:02,407 [INFO] ThirdParty:1030 - CMSIS Pack Vendor :WES I-CUBE-Cesium 1.3.0
2023-11-06 13:59:02,407 [INFO] ThirdParty:1030 - CMSIS Pack Vendor :STMicroelectronics X-CUBE-SFXS2LP1 4.0.0
2023-11-06 13:59:02,407 [INFO] ThirdParty:1030 - CMSIS Pack Vendor :STMicroelectronics X-CUBE-TOF1 3.3.1
2023-11-06 13:59:02,407 [INFO] ThirdParty:1030 - CMSIS Pack Vendor :STMicroelectronics X-CUBE-AZRTOS-G4 2.0.0
2023-11-06 13:59:02,407 [INFO] ThirdParty:1030 - CMSIS Pack Vendor :STMicroelectronics X-CUBE-AZRTOS-H7 3.1.0
2023-11-06 13:59:02,407 [INFO] ThirdParty:1030 - CMSIS Pack Vendor :Infineon AIROC-Wi-Fi-Bluetooth-STM32 1.5.1
2023-11-06 13:59:02,407 [INFO] ThirdParty:1030 - CMSIS Pack Vendor :STMicroelectronics X-CUBE-BLEMGR 3.0.0
2023-11-06 13:59:02,408 [INFO] LoadServerUpdatesThread:373 - End of LoadServerUpdate Thread
2023-11-06 13:59:23,463 [INFO] MicroXplorer:468 - Change Database Path : 
2023-11-06 13:59:23,463 [INFO] MicroXplorer:498 - Change Database Version : DB.6.0.92
2023-11-06 13:59:23,473 [INFO] OpenFileManager:308 - Change cursor
2023-11-06 13:59:23,482 [WARN] IntegrityCheckThread:84 - waiting for thirdparty lock release [integrity check]
2023-11-06 13:59:23,483 [INFO] IntegrityCheckThread:86 - entering critical section [integrity check]
2023-11-06 13:59:23,558 [WARN] PackLoader:240 - Cannot read IP mode file for STMicroelectronics.X-CUBE-SMBUS.2.1.0
2023-11-06 13:59:23,568 [WARN] PackLoader:240 - Cannot read IP mode file for STMicroelectronics.X-CUBE-AZRTOS-F7.1.1.0
2023-11-06 13:59:23,573 [WARN] PackLoader:240 - Cannot read IP mode file for STMicroelectronics.FP-SNS-MOTENV1.4.3.2
2023-11-06 13:59:23,577 [WARN] PackLoader:240 - Cannot read IP mode file for STMicroelectronics.FP-SNS-FLIGHT1.5.0.2
2023-11-06 13:59:23,582 [WARN] PackLoader:240 - Cannot read IP mode file for STMicroelectronics.X-CUBE-DISPLAY.3.0.0
2023-11-06 13:59:23,590 [WARN] PackLoader:240 - Cannot read IP mode file for STMicroelectronics.X-CUBE-BLE1.7.0.0
2023-11-06 13:59:23,592 [WARN] PackLoader:240 - Cannot read IP mode file for emotas.I-CUBE-CANOPEN.1.3.0
2023-11-06 13:59:23,595 [WARN] PackLoader:240 - Cannot read IP mode file for STMicroelectronics.X-CUBE-TOUCHGFX.4.22.1
2023-11-06 13:59:23,599 [INFO] LogOutputStream:77 - [STDOUT_REDIRECT] 1 : Invalid condition id : UX_CORESTACK_Condition cause : null
2023-11-06 13:59:23,600 [INFO] LogOutputStream:77 - [STDOUT_REDIRECT] 1 : Invalid condition id : UX_CORESTACK_Condition cause : null
2023-11-06 13:59:23,600 [INFO] LogOutputStream:77 - [STDOUT_REDIRECT] 1 : Invalid condition id : UX_CORESTACK_Condition cause : null
2023-11-06 13:59:23,600 [INFO] LogOutputStream:77 - [STDOUT_REDIRECT] 1 : Invalid condition id : UX_CORESTACK_Condition cause : null
2023-11-06 13:59:23,601 [INFO] LogOutputStream:77 - [STDOUT_REDIRECT] 1 : Invalid condition id : UX_CORESTACK_Condition cause : null
2023-11-06 13:59:23,602 [WARN] PackLoader:240 - Cannot read IP mode file for STMicroelectronics.X-CUBE-AZRTOS-WL.2.0.0
2023-11-06 13:59:23,606 [WARN] PackLoader:240 - Cannot read IP mode file for WES.I-CUBE-Cesium.1.3.0
2023-11-06 13:59:23,609 [WARN] PackLoader:240 - Cannot read IP mode file for STMicroelectronics.X-CUBE-BLE2.3.3.0
2023-11-06 13:59:23,613 [WARN] PackLoader:240 - Cannot read IP mode file for STMicroelectronics.X-CUBE-ALGOBUILD.1.3.0
2023-11-06 13:59:23,622 [WARN] PackLoader:240 - Cannot read IP mode file for STMicroelectronics.X-CUBE-AZRTOS-G0.1.1.0
2023-11-06 13:59:23,627 [WARN] PackLoader:240 - Cannot read IP mode file for STMicroelectronics.X-CUBE-NFC4.3.0.0
2023-11-06 13:59:23,634 [WARN] PackLoader:240 - Cannot read IP mode file for STMicroelectronics.X-CUBE-BLEMGR.3.0.0
2023-11-06 13:59:23,638 [WARN] PackLoader:240 - Cannot read IP mode file for STMicroelectronics.FP-ATR-SIGFOX1.3.2.0
2023-11-06 13:59:23,641 [WARN] PackLoader:240 - Cannot read IP mode file for STMicroelectronics.X-CUBE-GNSS1.6.0.0
2023-11-06 13:59:23,651 [WARN] PackLoader:240 - Cannot read IP mode file for STMicroelectronics.X-CUBE-AZRTOS-F4.1.1.0
2023-11-06 13:59:23,655 [WARN] PackLoader:240 - Cannot read IP mode file for wolfSSL.I-CUBE-wolfSSL.5.6.4
2023-11-06 13:59:23,664 [WARN] PackLoader:240 - Cannot read IP mode file for STMicroelectronics.X-CUBE-AZRTOS-L5.2.0.0
2023-11-06 13:59:23,670 [WARN] PackLoader:240 - Cannot read IP mode file for STMicroelectronics.X-CUBE-EEPRMA1.4.2.0
2023-11-06 13:59:23,673 [WARN] PackLoader:240 - Cannot read IP mode file for ITTIA_DB.I-CUBE-ITTIADB.8.8.0
2023-11-06 13:59:23,678 [WARN] PackLoader:240 - Cannot read IP mode file for STMicroelectronics.X-CUBE-BLEMGR.2.0.0
2023-11-06 13:59:23,688 [WARN] ConditionMgr:438 - getConditionDescription Invalid condition id : UX DEVICE CLASS RTOS Condition cause : null
2023-11-06 13:59:23,688 [WARN] ConditionMgr:438 - getConditionDescription Invalid condition id : UX DEVICE CLASS RTOS Condition cause : null
2023-11-06 13:59:23,690 [WARN] PackLoader:240 - Cannot read IP mode file for STMicroelectronics.X-CUBE-AZRTOS-H7.3.1.0
2023-11-06 13:59:23,691 [WARN] ConditionMgr:1039 - genDependencies : Invalid condition id : UX DEVICE CLASS RTOS Condition cause : null
2023-11-06 13:59:23,691 [WARN] ConditionMgr:1039 - genDependencies : Invalid condition id : UX DEVICE CLASS RTOS Condition cause : null
2023-11-06 13:59:23,692 [WARN] ConditionMgr:1039 - genDependencies : Invalid condition id : UX DEVICE CLASS RTOS Condition cause : null
2023-11-06 13:59:23,693 [WARN] ConditionMgr:1039 - genDependencies : Invalid condition id : UX DEVICE CLASS RTOS Condition cause : null
2023-11-06 13:59:23,693 [WARN] ConditionMgr:1039 - genDependencies : Invalid condition id : UX DEVICE CLASS RTOS Condition cause : null
2023-11-06 13:59:23,696 [WARN] PackLoader:240 - Cannot read IP mode file for STMicroelectronics.X-CUBE-NFC7.1.0.1
2023-11-06 13:59:23,702 [WARN] PackLoader:240 - Cannot read IP mode file for STMicroelectronics.X-CUBE-NFC6.3.0.0
2023-11-06 13:59:23,706 [WARN] PackLoader:240 - Cannot read IP mode file for STMicroelectronics.X-CUBE-AI.8.1.0
2023-11-06 13:59:23,716 [WARN] ConditionMgr:438 - getConditionDescription Invalid condition id : LAN8742 Phy interface Condition cause : null
2023-11-06 13:59:23,739 [WARN] PackLoader:240 - Cannot read IP mode file for STMicroelectronics.X-CUBE-AZRTOS-L4.2.0.0
2023-11-06 13:59:23,740 [WARN] ConditionMgr:1039 - genDependencies : Invalid condition id : LAN8742 Phy interface Condition cause : null
2023-11-06 13:59:23,741 [WARN] ConditionMgr:1039 - genDependencies : Invalid condition id : LAN8742 Phy interface Condition cause : null
2023-11-06 13:59:23,741 [WARN] ConditionMgr:1039 - genDependencies : Invalid condition id : LAN8742 Phy interface Condition cause : null
2023-11-06 13:59:23,746 [WARN] PackLoader:240 - Cannot read IP mode file for STMicroelectronics.X-CUBE-SFXS2LP1.4.0.0
2023-11-06 13:59:23,749 [WARN] PackLoader:240 - Cannot read IP mode file for STMicroelectronics.X-CUBE-ISPU.1.1.0
2023-11-06 13:59:23,757 [WARN] ConditionMgr:438 - getConditionDescription Invalid condition id : UX DEVICE CLASS RTOS Condition cause : null
2023-11-06 13:59:23,757 [WARN] ConditionMgr:438 - getConditionDescription Invalid condition id : UX DEVICE CLASS RTOS Condition cause : null
2023-11-06 13:59:23,759 [WARN] PackLoader:240 - Cannot read IP mode file for STMicroelectronics.X-CUBE-AZRTOS-WB.2.0.0
2023-11-06 13:59:23,759 [WARN] ConditionMgr:1039 - genDependencies : Invalid condition id : UX DEVICE CLASS RTOS Condition cause : null
2023-11-06 13:59:23,759 [WARN] ConditionMgr:1039 - genDependencies : Invalid condition id : UX DEVICE CLASS RTOS Condition cause : null
2023-11-06 13:59:23,760 [WARN] ConditionMgr:1039 - genDependencies : Invalid condition id : UX DEVICE CLASS RTOS Condition cause : null
2023-11-06 13:59:23,760 [WARN] ConditionMgr:1039 - genDependencies : Invalid condition id : UX DEVICE CLASS RTOS Condition cause : null
2023-11-06 13:59:23,760 [WARN] ConditionMgr:1039 - genDependencies : Invalid condition id : UX DEVICE CLASS RTOS Condition cause : null
2023-11-06 13:59:23,767 [WARN] PackLoader:240 - Cannot read IP mode file for STMicroelectronics.X-CUBE-SUBG2.5.0.0
2023-11-06 13:59:23,794 [WARN] PackLoader:240 - Cannot read IP mode file for STMicroelectronics.X-CUBE-TOF1.3.3.1
2023-11-06 13:59:23,814 [WARN] PackLoader:240 - Cannot read IP mode file for STMicroelectronics.X-CUBE-AZRTOS-G4.2.0.0
2023-11-06 13:59:23,822 [WARN] PackLoader:240 - Cannot read IP mode file for Infineon.AIROC-Wi-Fi-Bluetooth-STM32.1.5.1
2023-11-06 13:59:23,850 [WARN] PackLoader:240 - Cannot read IP mode file for STMicroelectronics.X-CUBE-MEMS1.10.0.0
2023-11-06 13:59:23,982 [WARN] PackLoader:240 - Cannot read IP mode file for STMicroelectronics.X-CUBE-FREERTOS.1.1.0
2023-11-06 13:59:23,985 [WARN] PackLoader:240 - Cannot read IP mode file for portGmbH.I-Cube-SoM-uGOAL.1.1.0
2023-11-06 13:59:23,997 [WARN] PackLoader:240 - Cannot read IP mode file for STMicroelectronics.X-CUBE-ALS.1.0.1
2023-11-06 13:59:24,000 [WARN] PackLoader:240 - Cannot read IP mode file for STMicroelectronics.FP-ATR-ASTRA1.2.0.0
2023-11-06 13:59:24,001 [INFO] ThirdParty:978 - Integrity check success = true
2023-11-06 13:59:24,001 [INFO] IntegrityCheckThread:100 - exiting critical section [integrity check]
2023-11-06 13:59:24,001 [INFO] IntegrityCheckThread:103 - End integrity checks thread
2023-11-06 13:59:24,015 [INFO] Mcu:1946 - Initializing MCU STM32F407Z(E-G)Tx STM32F407ZGTx 
2023-11-06 13:59:24,090 [INFO] ApiDb:581 - Connected to CubeFinder SQLite database (/home/khoitran/.stmcufinder/plugins/mcufinder/mcu/cube-finder-db.db)
2023-11-06 13:59:24,153 [INFO] ApiDb:668 - CubeFinder database Data Model version=2.1
2023-11-06 13:59:24,153 [INFO] ApiDb:669 - CubeFinder database Configuration version=3.0.37
2023-11-06 13:59:24,153 [INFO] ApiDb:670 - CubeFinder database generation date=2023-08-09 (1691586011)
2023-11-06 13:59:24,153 [INFO] ApiDb:671 - CubeFinder database FW Pack versions=[FP-ATR-ASTRA1_V2.0.0, FP-SNS-FLIGHT1_V5.0.1, FP-SNS-FLIGHT1_V5.0.2, FP-SNS-MOTENV1_V4.3.1, FP-SNS-MOTENV1_V4.3.2, STM32Cube_FW_C0_V1.1.0, STM32Cube_FW_F4_V1.27.1, STM32Cube_FW_F7_V1.17.0, STM32Cube_FW_G0_V1.6.1, STM32Cube_FW_G4_V1.5.1, STM32Cube_FW_H5_V0.5.1, STM32Cube_FW_H5_V1.1.0, STM32Cube_FW_H7_V1.11.0, STM32Cube_FW_L0_V1.12.2, STM32Cube_FW_L5_V1.5.0, STM32Cube_FW_U5_V1.3.0, STM32Cube_FW_U5_V1.3.0RC4, STM32Cube_FW_WBA_V1.0.0RC1, STM32Cube_FW_WBA_V1.1.0, STM32Cube_FW_WBA_V1.1.0RC1, STM32Cube_FW_WB_V1.15.0RC1, STM32Cube_FW_WB_V1.16.0, STM32Cube_FW_WB_V1.16.0RC2, STM32Cube_FW_WB_V1.17.0, STM32Cube_FW_WL_V1.3.0, X-CUBE-ALGOBUILD_V1.3.0, X-CUBE-ALS_V1.0.1, X-CUBE-AZRTOS-F4_V1.1.0, X-CUBE-AZRTOS-F7_V1.1.0, X-CUBE-AZRTOS-G0_V1.1.0, X-CUBE-AZRTOS-G4_V2.0.0, X-CUBE-AZRTOS-H7_V3.1.0, X-CUBE-AZRTOS-L4_V1.0.0, X-CUBE-AZRTOS-L4_V2.0.0, X-CUBE-AZRTOS-L5_V1.1.0, X-CUBE-AZRTOS-WB_V1.1.0, X-CUBE-AZRTOS-WL_V2.0.0, X-CUBE-BLE1_V7.0.0, X-CUBE-BLE2_V3.3.0, X-CUBE-BLEMGR_V2.0.0, X-CUBE-EEPRMA1_V4.1.0, X-CUBE-FREERTOS_V1.1.0, X-CUBE-GNSS1_V6.0.0, X-CUBE-MEMS1_V9.1.0, X-CUBE-MEMS1_V9.4.0, X-CUBE-MEMS1_V9.6.0, X-CUBE-NFC4_V3.0.0, X-CUBE-NFC7_V1.0.0, X-CUBE-SFXS2LP1_V4.0.0, X-CUBE-SUBG2_V5.0.0, X-CUBE-TOF1_V3.3.1]
2023-11-06 13:59:25,756 [INFO] ApiDb:240 - Found 323 in-development CPN: [B-G473E-ZEST1S, B-WB1M-WPAN1, B-WL5M-SUBG1, NUCLEO-C031C6, NUCLEO-H503RB, NUCLEO-H563ZI, NUCLEO-U545RE-Q, NUCLEO-U5A5ZJ-Q, NUCLEO-WBA52CG, STEVAL-PROTEUS1, STEVAL-SMARTAG2, STEVAL-STWINBX1, STM320518-EVAL, STM32C0116-DK, STM32C011D6Y3TR, STM32C011D6Y6TR, STM32C011F4P3, STM32C011F4P6, STM32C011F4U3, STM32C011F4U6TR, STM32C011F6P3, STM32C011F6P6, STM32C011F6U3, STM32C011F6U6TR, STM32C011J4M3, STM32C011J4M6, STM32C011J6M3, STM32C011J6M6, STM32C0316-DK, STM32C031C4T3, STM32C031C4T6, STM32C031C4U3, STM32C031C4U6, STM32C031C6T3, STM32C031C6T6, STM32C031C6U3, STM32C031C6U6, STM32C031F4P3, STM32C031F4P6, STM32C031F6P3, STM32C031F6P6, STM32C031G4U3, STM32C031G4U6, STM32C031G6U3, STM32C031G6U6, STM32C031K4T3, STM32C031K4T6, STM32C031K4U3, STM32C031K4U6, STM32C031K6T3, STM32C031K6T6, STM32C031K6U3, STM32C031K6U6, STM32G071K8TXN, STM32G071K8UXN, STM32G081GBU6N, STM32G081KBT6N, STM32G081KBUXN, STM32G0B1CCT6N, STM32G0B1KCT6, STM32G0B1NEY6TR, STM32G0B1RCT6N, STM32G0C1CCT6, STM32G0C1CCT6N, STM32G0C1CCU6N, STM32G0C1CET6N, STM32G0C1CEU6N, STM32G0C1KCT6, STM32G0C1NEY6TR, STM32G0C1RCI6N, STM32G0C1RCT6N, STM32G0C1REI6N, STM32G0C1RET6N, STM32G0C1VCI6, STM32G0C1VEI6, STM32G471CCT6, STM32G471CCU6, STM32G471CET3, STM32G471CET6, STM32G471CEU3, STM32G471CEU6, STM32G471MCT6, STM32G471MET3, STM32G471MET6, STM32G471MEY6TR, STM32G471QCT6, STM32G471QET3, STM32G471RCT6, STM32G471RET3, STM32G471RET6, STM32G471VCH6, STM32G471VCI6, STM32G471VCT6, STM32G471VEH3, STM32G471VEH6, STM32G471VEI3, STM32G471VEI6, STM32G471VET3, STM32G471VET6, STM32G474CCT6, STM32H503CBT6, STM32H503CBU6, STM32H503EBY6TR, STM32H503KBU6, STM32H503RBT6, STM32H562AGI6, STM32H562AII6, STM32H562IGK6, STM32H562IGT6, STM32H562IIK6, STM32H562IIT6, STM32H562RGT6, STM32H562RGV6, STM32H562RIT6, STM32H562RIV6, STM32H562VGT6, STM32H562VIT6, STM32H562ZGT6, STM32H562ZIT6, STM32H563AGI6, STM32H563AII3Q, STM32H563AII6, STM32H563IGK6, STM32H563IGT6, STM32H563IIK3Q, STM32H563IIK6, STM32H563IIT3Q, STM32H563IIT6, STM32H563MIY3QTR, STM32H563RGT6, STM32H563RGV6, STM32H563RIT6, STM32H563RIV6, STM32H563VGT6, STM32H563VIT3Q, STM32H563VIT6, STM32H563ZGT6, STM32H563ZIT3Q, STM32H563ZIT6, STM32H573AII3Q, STM32H573AII6, STM32H573I-DK, STM32H573IIK3Q, STM32H573IIK6, STM32H573IIT3Q, STM32H573IIT6, STM32H573MIY3QTR, STM32H573RIT6, STM32H573RIV6, STM32H573VIT3Q, STM32H573VIT6, STM32H573ZIT3Q, STM32H573ZIT6, STM32L4R5QGI6STR, STM32MP131AAE3, STM32MP131AAF3, STM32MP131AAG3, STM32MP131CAE3, STM32MP131CAF3, STM32MP131CAG3, STM32MP131DAE7, STM32MP131DAF7, STM32MP131DAG7, STM32MP131FAE7, STM32MP131FAF7, STM32MP131FAG7, STM32MP133AAE3, STM32MP133AAF3, STM32MP133AAG3, STM32MP133CAE3, STM32MP133CAF3, STM32MP133CAG3, STM32MP133DAE7, STM32MP133DAF7, STM32MP133DAG7, STM32MP133FAE7, STM32MP133FAF7, STM32MP133FAG7, STM32MP135AAE3, STM32MP135AAF3, STM32MP135AAG3, STM32MP135CAE3, STM32MP135CAF3, STM32MP135CAG3, STM32MP135DAE7, STM32MP135DAF7, STM32MP135DAG7, STM32MP135F-DK, STM32MP135FAE7, STM32MP135FAF7, STM32MP135FAF7T, STM32MP135FAF7U, STM32MP135FAG7, STM32U535CBT6, STM32U535CBT6Q, STM32U535CBU6, STM32U535CBU6Q, STM32U535CCT6, STM32U535CCT6Q, STM32U535CCU6, STM32U535CCU6Q, STM32U535CET6, STM32U535CET6Q, STM32U535CEU6, STM32U535CEU6Q, STM32U535JEY6QTR, STM32U535NCY6QTR, STM32U535NEY6QTR, STM32U535RBI6, STM32U535RBI6Q, STM32U535RBT6, STM32U535RBT6Q, STM32U535RCI6, STM32U535RCI6Q, STM32U535RCT6, STM32U535RCT6Q, STM32U535REI6, STM32U535REI6Q, STM32U535RET6, STM32U535RET6Q, STM32U535VCI6, STM32U535VCI6Q, STM32U535VCT6, STM32U535VCT6Q, STM32U535VEI6, STM32U535VEI6Q, STM32U535VET6, STM32U535VET6Q, STM32U545CET6, STM32U545CET6Q, STM32U545CEU6, STM32U545CEU6Q, STM32U545JEY6QTR, STM32U545NEY6QTR, STM32U545REI6, STM32U545REI6Q, STM32U545RET6, STM32U545RET6Q, STM32U545VEI6, STM32U545VEI6Q, STM32U545VET6, STM32U545VET6Q, STM32U595AIH6, STM32U595AIH6Q, STM32U595AJH6, STM32U595AJH6Q, STM32U595QII6, STM32U595QII6Q, STM32U595QJI6, STM32U595QJI6Q, STM32U595RIT6, STM32U595RIT6Q, STM32U595RJT6, STM32U595RJT6Q, STM32U595VIT6, STM32U595VIT6Q, STM32U595VJT6, STM32U595VJT6Q, STM32U595ZIT6, STM32U595ZIT6Q, STM32U595ZIY6QTR, STM32U595ZJT6, STM32U595ZJT6Q, STM32U595ZJY6QTR, STM32U599BJY6QTR, STM32U599NIH6Q, STM32U599NJH6Q, STM32U599VIT6Q, STM32U599VJT6, STM32U599VJT6Q, STM32U599ZIT6Q, STM32U599ZIY6QTR, STM32U599ZJT6Q, STM32U599ZJY6QTR, STM32U5A5AJH6, STM32U5A5AJH6Q, STM32U5A5QJI6, STM32U5A5QJI6Q, STM32U5A5RJT6, STM32U5A5RJT6Q, STM32U5A5VJT6, STM32U5A5VJT6Q, STM32U5A5ZJT6, STM32U5A5ZJT6Q, STM32U5A5ZJY6QTR, STM32U5A9BJY6QTR, STM32U5A9J-DK, STM32U5A9NJH6Q, STM32U5A9VJT6Q, STM32U5A9ZJT6Q, STM32U5A9ZJY6QTR, STM32U5F7VIT6, STM32U5F7VIT6Q, STM32U5F7VJT6, STM32U5F7VJT6Q, STM32U5F9BJY6QTR, STM32U5F9NJH6Q, STM32U5F9VIT6Q, STM32U5F9VJT6Q, STM32U5F9ZIJ6QTR, STM32U5F9ZIT6Q, STM32U5F9ZJJ6QTR, STM32U5F9ZJT6Q, STM32U5G7VJT6, STM32U5G7VJT6Q, STM32U5G9BJY6QTR, STM32U5G9J-DK1, STM32U5G9J-DK2, STM32U5G9NJH6Q, STM32U5G9VJT6Q, STM32U5G9ZJJ6QTR, STM32U5G9ZJT6Q, STM32WB1MMCH6, STM32WBA52CEU6, STM32WBA52CEU6T, STM32WBA52CGU6, STM32WBA52CGU6T, STM32WBA52KEU6, STM32WBA52KEU6T, STM32WBA52KGU6, STM32WBA52KGU6T, STM32WL5MOCH6, STM32WL5MOCH6TR]
2023-11-06 13:59:25,759 [INFO] DbMcus:217 - Found 3848 MCUs, 3848 are supported
2023-11-06 13:59:25,759 [INFO] ApiDb:423 - Load user favorites file /home/khoitran/.stm32cubeide/favorites.mcus.txt: 0 item(s)
2023-11-06 13:59:25,759 [INFO] ApiDb:427 - User favorites MCUs=[]
2023-11-06 13:59:25,759 [INFO] DbMcus:223 - Set 0 / 0 favorites MCUs
2023-11-06 13:59:26,014 [INFO] Mcu:1959 - No CPN specified => set CPN to STM32F407ZGT6
2023-11-06 13:59:27,442 [INFO] Context:659 - Trying to add GPIOservice into a context  which must be forbidden
2023-11-06 13:59:27,827 [INFO] Rule:228 - rule 117617 - U5Cobra4M][GTZC] default value MPCBB3 and MPCBB5 - Not Secured memory - MPCBB1 is applicable
2023-11-06 13:59:27,827 [INFO] Rule:228 - rule 117617 - U5Cobra4M][GTZC] default value MPCBB3 and MPCBB5 - Not Secured memory - MPCBB1 is applicable
2023-11-06 13:59:27,827 [INFO] Rule:228 - rule 117617 - U5Cobra4M][GTZC] default value MPCBB3 and MPCBB5 - Not Secured memory - MPCBB2 is applicable
2023-11-06 13:59:27,827 [INFO] Rule:228 - rule 117617 - U5Cobra4M][GTZC] default value MPCBB3 and MPCBB5 - Not Secured memory - MPCBB2 is applicable
2023-11-06 13:59:27,828 [INFO] Rule:228 - rule 117617 - U5Cobra4M][GTZC] default value MPCBB3 and MPCBB5 - Not Secured memory - MPCBB3 is applicable
2023-11-06 13:59:27,828 [INFO] Rule:228 - rule 117617 - U5Cobra4M][GTZC] default value MPCBB3 and MPCBB5 - Not Secured memory - MPCBB3 is applicable
2023-11-06 13:59:27,828 [INFO] Rule:228 - rule 117617 - U5Cobra4M][GTZC] default value MPCBB3 and MPCBB5 - Not Secured memory - MPCBB4 is applicable
2023-11-06 13:59:27,828 [INFO] Rule:228 - rule 117617 - U5Cobra4M][GTZC] default value MPCBB3 and MPCBB5 - Not Secured memory - MPCBB4 is applicable
2023-11-06 13:59:27,828 [INFO] Rule:228 - rule 117617 - U5Cobra4M][GTZC] default value MPCBB3 and MPCBB5 - Secured memory - MPCBB1 is applicable
2023-11-06 13:59:27,828 [INFO] Rule:228 - rule 117617 - U5Cobra4M][GTZC] default value MPCBB3 and MPCBB5 - Secured memory - MPCBB2 is applicable
2023-11-06 13:59:27,828 [INFO] Rule:228 - rule 117617 - U5Cobra4M][GTZC] default value MPCBB3 and MPCBB5 - Secured memory - MPCBB3 is applicable
2023-11-06 13:59:27,828 [INFO] Rule:228 - rule 117617 - U5Cobra4M][GTZC] default value MPCBB3 and MPCBB5 - Secured memory - MPCBB4 is applicable
2023-11-06 13:59:27,828 [INFO] Rule:228 - rule 117617 - U5Cobra4M][GTZC] default value MPCBB3 and MPCBB5 - Privileged memory - MPCBB1 is applicable
2023-11-06 13:59:27,828 [INFO] Rule:228 - rule 117617 - U5Cobra4M][GTZC] default value MPCBB3 and MPCBB5 - Privileged memory - MPCBB2 is applicable
2023-11-06 13:59:27,828 [INFO] Rule:228 - rule 117617 - U5Cobra4M][GTZC] default value MPCBB3 and MPCBB5 - Privileged memory - MPCBB3 is applicable
2023-11-06 13:59:27,828 [INFO] Rule:228 - rule 117617 - U5Cobra4M][GTZC] default value MPCBB3 and MPCBB5 - Privileged memory - MPCBB4 is applicable
2023-11-06 13:59:27,828 [INFO] Rule:228 - rule 117617 - U5Cobra4M][GTZC] default value MPCBB3 and MPCBB5 - Not Privileged memory - MPCBB1 is applicable
2023-11-06 13:59:27,828 [INFO] Rule:228 - rule 117617 - U5Cobra4M][GTZC] default value MPCBB3 and MPCBB5 - Not Privileged memory - MPCBB2 is applicable
2023-11-06 13:59:27,828 [INFO] Rule:228 - rule 117617 - U5Cobra4M][GTZC] default value MPCBB3 and MPCBB5 - Not Privileged memory - MPCBB3 is applicable
2023-11-06 13:59:27,828 [INFO] Rule:228 - rule 117617 - U5Cobra4M][GTZC] default value MPCBB3 and MPCBB5 - Not Privileged memory - MPCBB4 is applicable
2023-11-06 13:59:27,828 [INFO] Rule:228 - rule 117617 - U5Cobra4M][GTZC] default value MPCBB3 and MPCBB5 - Privileged memory - MPCBB1 is applicable
2023-11-06 13:59:27,828 [INFO] Rule:228 - rule 117617 - U5Cobra4M][GTZC] default value MPCBB3 and MPCBB5 - Privileged memory - MPCBB2 is applicable
2023-11-06 13:59:27,828 [INFO] Rule:228 - rule 117617 - U5Cobra4M][GTZC] default value MPCBB3 and MPCBB5 - Privileged memory - MPCBB3 is applicable
2023-11-06 13:59:27,828 [INFO] Rule:228 - rule 117617 - U5Cobra4M][GTZC] default value MPCBB3 and MPCBB5 - Privileged memory - MPCBB4 is applicable
2023-11-06 13:59:27,828 [INFO] Rule:228 - rule 117617 - U5Cobra4M][GTZC] default value MPCBB3 and MPCBB5 - Privileged memory - MPCBB1 is applicable
2023-11-06 13:59:27,828 [INFO] Rule:228 - rule 117617 - U5Cobra4M][GTZC] default value MPCBB3 and MPCBB5 - Privileged memory - MPCBB2 is applicable
2023-11-06 13:59:27,828 [INFO] Rule:228 - rule 117617 - U5Cobra4M][GTZC] default value MPCBB3 and MPCBB5 - Privileged memory - MPCBB3 is applicable
2023-11-06 13:59:27,828 [INFO] Rule:228 - rule 117617 - U5Cobra4M][GTZC] default value MPCBB3 and MPCBB5 - Privileged memory - MPCBB4 is applicable
2023-11-06 13:59:27,828 [INFO] Rule:228 - rule 117617 - U5Cobra4M][GTZC] default value MPCBB3 and MPCBB5 - Not Privileged memory - MPCBB1 is applicable
2023-11-06 13:59:27,829 [INFO] Rule:228 - rule 117617 - U5Cobra4M][GTZC] default value MPCBB3 and MPCBB5 - Not Privileged memory - MPCBB2 is applicable
2023-11-06 13:59:27,829 [INFO] Rule:228 - rule 117617 - U5Cobra4M][GTZC] default value MPCBB3 and MPCBB5 - Not Privileged memory - MPCBB3 is applicable
2023-11-06 13:59:27,829 [INFO] Rule:228 - rule 117617 - U5Cobra4M][GTZC] default value MPCBB3 and MPCBB5 - Not Privileged memory - MPCBB4 is applicable
2023-11-06 13:59:27,829 [INFO] Rule:228 - rule 117617 - U5Cobra4M][GTZC] default value MPCBB3 and MPCBB5 - Privileged memory - MPCBB1 is applicable
2023-11-06 13:59:27,829 [INFO] Rule:228 - rule 117617 - U5Cobra4M][GTZC] default value MPCBB3 and MPCBB5 - Privileged memory - MPCBB2 is applicable
2023-11-06 13:59:27,829 [INFO] Rule:228 - rule 117617 - U5Cobra4M][GTZC] default value MPCBB3 and MPCBB5 - Privileged memory - MPCBB3 is applicable
2023-11-06 13:59:27,829 [INFO] Rule:228 - rule 117617 - U5Cobra4M][GTZC] default value MPCBB3 and MPCBB5 - Privileged memory - MPCBB4 is applicable
2023-11-06 13:59:27,829 [INFO] Rule:228 - rule WakeUp0 Mode is applicable
2023-11-06 13:59:27,829 [INFO] Rule:228 - rule WakeUp0 SIGNAL is applicable
2023-11-06 13:59:27,829 [INFO] Rule:228 - rule WakeUp1 Mode is applicable
2023-11-06 13:59:27,829 [INFO] Rule:228 - rule WakeUp1 SIGNAL is applicable
2023-11-06 13:59:27,829 [INFO] Rule:228 - rule WakeUp2 Mode is applicable
2023-11-06 13:59:27,829 [INFO] Rule:228 - rule WakeUp2 SIGNAL is applicable
2023-11-06 13:59:27,829 [INFO] Rule:228 - rule WakeUp4 Mode is applicable
2023-11-06 13:59:27,829 [INFO] Rule:228 - rule WakeUp4 SIGNAL is applicable
2023-11-06 13:59:27,829 [INFO] Rule:228 - rule WakeUp5 Mode is applicable
2023-11-06 13:59:27,829 [INFO] Rule:228 - rule WakeUp5 SIGNAL is applicable
2023-11-06 13:59:27,829 [INFO] Rule:228 - rule Change Default Value for LSE Drive Capability for WB family is applicable
2023-11-06 13:59:27,830 [INFO] Rule:228 - rule change FDCAN default value is applicable
2023-11-06 13:59:27,830 [INFO] DbConfProperties:307 - Apply Compatibility (1/48 Rules)
2023-11-06 13:59:27,920 [INFO] RtosManager:555 - Registered RTOS mode: class=CMSIS, group=RTOS, mode=CMSIS_V1, owner=FREERTOS
2023-11-06 13:59:27,920 [INFO] RtosManager:555 - Registered RTOS mode: class=CMSIS, group=RTOS2, mode=CMSIS_V2, owner=FREERTOS
2023-11-06 13:59:27,921 [INFO] RtosManager:555 - Registered RTOS mode: class=RTOS, group=Core, mode=CMSIS_V1, owner=FREERTOS
2023-11-06 13:59:27,921 [INFO] RtosManager:555 - Registered RTOS mode: class=RTOS, group=Core, mode=CMSIS_V2, owner=FREERTOS
2023-11-06 13:59:27,921 [WARN] ModelIntegratedComponent:184 - Missing modes for component STMicroelectronics:FreeRTOS:0.0.1:STMicroelectronics:RTOS:FreeRTOS:Core:::10.2.0:
2023-11-06 13:59:27,941 [WARN] ModelIntegratedComponent:63 - No mode defined for component null
2023-11-06 13:59:27,941 [WARN] ModelIntegratedComponent:63 - No mode defined for component null
2023-11-06 13:59:27,941 [WARN] ModelIntegratedComponent:63 - No mode defined for component null
2023-11-06 13:59:27,941 [WARN] ModelIntegratedComponent:63 - No mode defined for component null
2023-11-06 13:59:27,941 [WARN] ModelIntegratedComponent:63 - No mode defined for component null
2023-11-06 13:59:27,942 [WARN] ModelIntegratedComponent:63 - No mode defined for component null
2023-11-06 13:59:27,942 [WARN] ModelIntegratedComponent:63 - No mode defined for component null
2023-11-06 13:59:27,942 [WARN] ModelIntegratedComponent:63 - No mode defined for component null
2023-11-06 13:59:27,942 [WARN] ModelIntegratedComponent:63 - No mode defined for component null
2023-11-06 13:59:27,942 [WARN] ModelIntegratedComponent:63 - No mode defined for component null
2023-11-06 13:59:27,942 [WARN] ModelIntegratedComponent:63 - No mode defined for component null
2023-11-06 13:59:27,942 [WARN] ModelIntegratedComponent:63 - No mode defined for component null
2023-11-06 13:59:27,942 [WARN] ModelIntegratedComponent:63 - No mode defined for component null
2023-11-06 13:59:27,942 [WARN] ModelIntegratedComponent:63 - No mode defined for component null
2023-11-06 13:59:27,942 [WARN] ModelIntegratedComponent:63 - No mode defined for component null
2023-11-06 13:59:27,942 [WARN] ModelIntegratedComponent:63 - No mode defined for component null
2023-11-06 13:59:27,942 [WARN] ModelIntegratedComponent:63 - No mode defined for component null
2023-11-06 13:59:27,942 [WARN] ModelIntegratedComponent:63 - No mode defined for component null
2023-11-06 13:59:27,942 [WARN] ModelIntegratedComponent:63 - No mode defined for component null
2023-11-06 13:59:27,942 [WARN] ModelIntegratedComponent:63 - No mode defined for component null
2023-11-06 13:59:27,942 [WARN] ModelIntegratedComponent:63 - No mode defined for component null
2023-11-06 13:59:27,942 [WARN] ModelIntegratedComponent:63 - No mode defined for component null
2023-11-06 13:59:27,942 [WARN] ModelIntegratedComponent:63 - No mode defined for component null
2023-11-06 13:59:27,942 [WARN] ModelIntegratedComponent:63 - No mode defined for component null
2023-11-06 13:59:27,942 [WARN] ModelIntegratedComponent:63 - No mode defined for component null
2023-11-06 13:59:27,942 [WARN] ModelIntegratedComponent:63 - No mode defined for component null
2023-11-06 13:59:27,942 [WARN] ModelIntegratedComponent:63 - No mode defined for component null
2023-11-06 13:59:27,942 [WARN] ModelIntegratedComponent:63 - No mode defined for component null
2023-11-06 13:59:27,942 [WARN] ModelIntegratedComponent:63 - No mode defined for component null
2023-11-06 13:59:27,942 [WARN] ModelIntegratedComponent:63 - No mode defined for component null
2023-11-06 13:59:27,942 [WARN] ModelIntegratedComponent:63 - No mode defined for component null
2023-11-06 13:59:27,942 [WARN] ModelIntegratedComponent:63 - No mode defined for component null
2023-11-06 13:59:27,942 [WARN] ModelIntegratedComponent:63 - No mode defined for component null
2023-11-06 13:59:28,038 [INFO] ThirdPartyModel:298 - Start build external matchings
2023-11-06 13:59:28,314 [INFO] ThirdPartyModel:316 - End build external matchings
2023-11-06 13:59:28,327 [INFO] ImportTextPane:194 - (OptionalMessage_ERROR) IP (RCC) : Parameter (48MHZClocksFreq_Value) has invalid value (84000000)
2023-11-06 13:59:28,328 [INFO] ImportTextPane:194 - (OptionalMessage_ERROR) IP (RCC) : Parameter (RTCHSEDivFreq_Value) has invalid value (4000000)
2023-11-06 13:59:28,597 [INFO] UtilMem:75 - End LoadConfig() Used Memory: 765516568 Bytes (1073741824)
2023-11-06 13:59:28,725 [WARN] ThirdParty:833 - waiting for thirdparty lock release [change project]
2023-11-06 13:59:28,725 [INFO] ThirdParty:835 - entering critical section [change project]
2023-11-06 13:59:28,725 [INFO] ThirdParty:1030 - CMSIS Pack Vendor :STMicroelectronics X-CUBE-ISPU 1.1.0
2023-11-06 13:59:28,725 [INFO] ThirdParty:1030 - CMSIS Pack Vendor :STMicroelectronics USBPD 4.1
2023-11-06 13:59:28,725 [INFO] ThirdParty:1030 - CMSIS Pack Vendor :STMicroelectronics X-CUBE-GNSS1 6.0.0
2023-11-06 13:59:28,725 [INFO] ThirdParty:1030 - CMSIS Pack Vendor :STMicroelectronics USB_HOST 2.0.0
2023-11-06 13:59:28,725 [INFO] ThirdParty:1030 - CMSIS Pack Vendor :STMicroelectronics X-CUBE-AZRTOS-F4 1.1.0
2023-11-06 13:59:28,725 [INFO] ThirdParty:1030 - CMSIS Pack Vendor :STMicroelectronics LIBJPEG 8.0.0
2023-11-06 13:59:28,725 [INFO] ThirdParty:1030 - CMSIS Pack Vendor :wolfSSL I-CUBE-wolfSSL 5.6.4
2023-11-06 13:59:28,725 [INFO] ThirdParty:1030 - CMSIS Pack Vendor :STMicroelectronics X-CUBE-SMBUS 2.1.0
2023-11-06 13:59:28,725 [INFO] ThirdParty:1030 - CMSIS Pack Vendor :STMicroelectronics USB_DEVICE 3.0.0
2023-11-06 13:59:28,725 [INFO] ThirdParty:1030 - CMSIS Pack Vendor :STMicroelectronics X-CUBE-AZRTOS-WB 2.0.0
2023-11-06 13:59:28,725 [INFO] ThirdParty:1030 - CMSIS Pack Vendor :STMicroelectronics X-CUBE-AZRTOS-F7 1.1.0
2023-11-06 13:59:28,725 [INFO] ThirdParty:1030 - CMSIS Pack Vendor :STMicroelectronics X-CUBE-AZRTOS-L5 2.0.0
2023-11-06 13:59:28,725 [INFO] ThirdParty:1030 - CMSIS Pack Vendor :STMicroelectronics USB_DEVICE 2.0.0
2023-11-06 13:59:28,725 [INFO] ThirdParty:1030 - CMSIS Pack Vendor :STMicroelectronics X-CUBE-EEPRMA1 4.2.0
2023-11-06 13:59:28,725 [INFO] ThirdParty:1030 - CMSIS Pack Vendor :ITTIA_DB I-CUBE-ITTIADB 8.8.0
2023-11-06 13:59:28,725 [INFO] ThirdParty:1030 - CMSIS Pack Vendor :STMicroelectronics FP-SNS-MOTENV1 4.3.2
2023-11-06 13:59:28,725 [INFO] ThirdParty:1030 - CMSIS Pack Vendor :STMicroelectronics X-CUBE-ALGOBUILD 1.3.0
2023-11-06 13:59:28,726 [INFO] ThirdParty:1030 - CMSIS Pack Vendor :STMicroelectronics FreeRTOS 0.0.1
2023-11-06 13:59:28,726 [INFO] ThirdParty:1030 - CMSIS Pack Vendor :STMicroelectronics X-CUBE-AZRTOS-G0 1.1.0
2023-11-06 13:59:28,726 [INFO] ThirdParty:1030 - CMSIS Pack Vendor :STMicroelectronics X-CUBE-BLEMGR 2.0.0
2023-11-06 13:59:28,726 [INFO] ThirdParty:1030 - CMSIS Pack Vendor :STMicroelectronics X-CUBE-NFC4 3.0.0
2023-11-06 13:59:28,726 [INFO] ThirdParty:1030 - CMSIS Pack Vendor :STMicroelectronics X-CUBE-SUBG2 5.0.0
2023-11-06 13:59:28,726 [INFO] ThirdParty:1030 - CMSIS Pack Vendor :STMicroelectronics STM32_WPAN 1.0.0
2023-11-06 13:59:28,726 [INFO] ThirdParty:1030 - CMSIS Pack Vendor :STMicroelectronics lwIP 2.0.3
2023-11-06 13:59:28,726 [INFO] ThirdParty:1030 - CMSIS Pack Vendor :STMicroelectronics FP-SNS-FLIGHT1 5.0.2
2023-11-06 13:59:28,726 [INFO] ThirdParty:1030 - CMSIS Pack Vendor :STMicroelectronics USB_HOST 1.0.0
2023-11-06 13:59:28,726 [INFO] ThirdParty:1030 - CMSIS Pack Vendor :STMicroelectronics X-CUBE-TOF1 3.3.1
2023-11-06 13:59:28,726 [INFO] ThirdParty:1030 - CMSIS Pack Vendor :STMicroelectronics X-CUBE-AZRTOS-G4 2.0.0
2023-11-06 13:59:28,726 [INFO] ThirdParty:1030 - CMSIS Pack Vendor :STMicroelectronics PDM2PCM 3.1.0
2023-11-06 13:59:28,726 [INFO] ThirdParty:1030 - CMSIS Pack Vendor :STMicroelectronics X-CUBE-AZRTOS-H7 3.1.0
2023-11-06 13:59:28,726 [INFO] ThirdParty:1030 - CMSIS Pack Vendor :Infineon AIROC-Wi-Fi-Bluetooth-STM32 1.5.1
2023-11-06 13:59:28,726 [INFO] ThirdParty:1030 - CMSIS Pack Vendor :STMicroelectronics X-CUBE-BLEMGR 3.0.0
2023-11-06 13:59:28,726 [INFO] ThirdParty:1030 - CMSIS Pack Vendor :STMicroelectronics PDM2PCM 3.3.0
2023-11-06 13:59:28,726 [INFO] ThirdParty:1030 - CMSIS Pack Vendor :STMicroelectronics X-CUBE-DISPLAY 3.0.0
2023-11-06 13:59:28,726 [INFO] ThirdParty:1030 - CMSIS Pack Vendor :STMicroelectronics X-CUBE-BLE1 7.0.0
2023-11-06 13:59:28,726 [INFO] ThirdParty:1030 - CMSIS Pack Vendor :STMicroelectronics FP-ATR-SIGFOX1 3.2.0
2023-11-06 13:59:28,726 [INFO] ThirdParty:1030 - CMSIS Pack Vendor :STMicroelectronics HAL Drivers 0.0.0
2023-11-06 13:59:28,726 [INFO] ThirdParty:1030 - CMSIS Pack Vendor :STMicroelectronics MBEDTLS 2.16.2
2023-11-06 13:59:28,726 [INFO] ThirdParty:1030 - CMSIS Pack Vendor :emotas I-CUBE-CANOPEN 1.3.0
2023-11-06 13:59:28,726 [INFO] ThirdParty:1030 - CMSIS Pack Vendor :STMicroelectronics X-CUBE-MEMS1 10.0.0
2023-11-06 13:59:28,726 [INFO] ThirdParty:1030 - CMSIS Pack Vendor :STMicroelectronics X-CUBE-FREERTOS 1.1.0
2023-11-06 13:59:28,726 [INFO] ThirdParty:1030 - CMSIS Pack Vendor :STMicroelectronics X-CUBE-NFC7 1.0.1
2023-11-06 13:59:28,726 [INFO] ThirdParty:1030 - CMSIS Pack Vendor :STMicroelectronics MBEDTLS 2.14.1
2023-11-06 13:59:28,726 [INFO] ThirdParty:1030 - CMSIS Pack Vendor :STMicroelectronics X-CUBE-TOUCHGFX 4.22.1
2023-11-06 13:59:28,726 [INFO] ThirdParty:1030 - CMSIS Pack Vendor :STMicroelectronics X-CUBE-NFC6 3.0.0
2023-11-06 13:59:28,727 [INFO] ThirdParty:1030 - CMSIS Pack Vendor :portGmbH I-Cube-SoM-uGOAL 1.1.0
2023-11-06 13:59:28,727 [INFO] ThirdParty:1030 - CMSIS Pack Vendor :STMicroelectronics X-CUBE-ALS 1.0.1
2023-11-06 13:59:28,727 [INFO] ThirdParty:1030 - CMSIS Pack Vendor :STMicroelectronics ThreadX 1.0.0
2023-11-06 13:59:28,727 [INFO] ThirdParty:1030 - CMSIS Pack Vendor :STMicroelectronics X-CUBE-AZRTOS-WL 2.0.0
2023-11-06 13:59:28,727 [INFO] ThirdParty:1030 - CMSIS Pack Vendor :STMicroelectronics USB_DEVICE 1.0.0
2023-11-06 13:59:28,727 [INFO] ThirdParty:1030 - CMSIS Pack Vendor :STMicroelectronics X-CUBE-AI 8.1.0
2023-11-06 13:59:28,727 [INFO] ThirdParty:1030 - CMSIS Pack Vendor :STMicroelectronics X-CUBE-AZRTOS-L4 2.0.0
2023-11-06 13:59:28,727 [INFO] ThirdParty:1030 - CMSIS Pack Vendor :STMicroelectronics ThreadX 0.0.2
2023-11-06 13:59:28,727 [INFO] ThirdParty:1030 - CMSIS Pack Vendor :WES I-CUBE-Cesium 1.3.0
2023-11-06 13:59:28,727 [INFO] ThirdParty:1030 - CMSIS Pack Vendor :STMicroelectronics FP-ATR-ASTRA1 2.0.0
2023-11-06 13:59:28,727 [INFO] ThirdParty:1030 - CMSIS Pack Vendor :STMicroelectronics lwIP 2.1.2
2023-11-06 13:59:28,727 [INFO] ThirdParty:1030 - CMSIS Pack Vendor :STMicroelectronics X-CUBE-SFXS2LP1 4.0.0
2023-11-06 13:59:28,727 [INFO] ThirdParty:1030 - CMSIS Pack Vendor :STMicroelectronics X-CUBE-BLE2 3.3.0
2023-11-06 13:59:28,727 [INFO] ThirdParty:1030 - CMSIS Pack Vendor :STMicroelectronics PDM2PCM 3.2.0
2023-11-06 13:59:28,727 [INFO] ThirdParty:841 - exiting critical section [change project]
2023-11-06 13:59:29,193 [INFO] PinOutPanel:1499 - setPackage(No Configuration,No Configuration)
2023-11-06 13:59:29,194 [INFO] PinOutPanel:1499 - setPackage(STM32F407ZGTx,LQFP144)
2023-11-06 13:59:29,496 [INFO] UtilMem:75 - Before build in PCC Used Memory: 547169096 Bytes (1073741824)
2023-11-06 13:59:30,034 [INFO] UtilMem:75 - After build in PCC Used Memory: 657269576 Bytes (1073741824)
2023-11-06 13:59:30,071 [INFO] IPUIPlugin:80 - create IPUIPlugin
2023-11-06 13:59:30,071 [INFO] IPUIPlugin:80 - create IPUIPlugin
2023-11-06 13:59:30,071 [INFO] IPUIPlugin:80 - create IPUIPlugin
2023-11-06 13:59:30,071 [INFO] IPUIPlugin:80 - create IPUIPlugin
2023-11-06 13:59:30,071 [INFO] IPUIPlugin:80 - create IPUIPlugin
2023-11-06 13:59:30,072 [INFO] IPUIPlugin:80 - create IPUIPlugin
2023-11-06 13:59:30,072 [INFO] IPUIPlugin:80 - create IPUIPlugin
2023-11-06 13:59:30,072 [INFO] IPUIPlugin:80 - create IPUIPlugin
2023-11-06 13:59:30,072 [INFO] IPUIPlugin:80 - create IPUIPlugin
2023-11-06 13:59:30,072 [INFO] IPUIPlugin:80 - create IPUIPlugin
2023-11-06 13:59:30,072 [INFO] IPUIPlugin:80 - create IPUIPlugin
2023-11-06 13:59:30,072 [INFO] IPUIPlugin:80 - create IPUIPlugin
2023-11-06 13:59:30,072 [INFO] IPUIPlugin:80 - create IPUIPlugin
2023-11-06 13:59:30,073 [INFO] IPUIPlugin:80 - create IPUIPlugin
2023-11-06 13:59:30,073 [INFO] IPUIPlugin:80 - create IPUIPlugin
2023-11-06 13:59:30,073 [INFO] IPUIPlugin:80 - create IPUIPlugin
2023-11-06 13:59:30,073 [INFO] IPUIPlugin:80 - create IPUIPlugin
2023-11-06 13:59:30,073 [INFO] IPUIPlugin:80 - create IPUIPlugin
2023-11-06 13:59:30,073 [INFO] IPUIPlugin:80 - create IPUIPlugin
2023-11-06 13:59:30,073 [INFO] IPUIPlugin:80 - create IPUIPlugin
2023-11-06 13:59:30,073 [INFO] IPUIPlugin:80 - create IPUIPlugin
2023-11-06 13:59:30,074 [INFO] IPUIPlugin:80 - create IPUIPlugin
2023-11-06 13:59:30,074 [INFO] IPUIPlugin:80 - create IPUIPlugin
2023-11-06 13:59:30,074 [INFO] IPUIPlugin:80 - create IPUIPlugin
2023-11-06 13:59:30,074 [INFO] IPUIPlugin:80 - create IPUIPlugin
2023-11-06 13:59:30,074 [INFO] IPUIPlugin:80 - create IPUIPlugin
2023-11-06 13:59:30,074 [INFO] IPUIPlugin:80 - create IPUIPlugin
2023-11-06 13:59:30,075 [INFO] IPUIPlugin:80 - create IPUIPlugin
2023-11-06 13:59:30,075 [INFO] IPUIPlugin:80 - create IPUIPlugin
2023-11-06 13:59:30,075 [INFO] IPUIPlugin:80 - create IPUIPlugin
2023-11-06 13:59:30,075 [INFO] IPUIPlugin:80 - create IPUIPlugin
2023-11-06 13:59:30,075 [INFO] IPUIPlugin:80 - create IPUIPlugin
2023-11-06 13:59:30,075 [INFO] IPUIPlugin:80 - create IPUIPlugin
2023-11-06 13:59:30,075 [INFO] IPUIPlugin:80 - create IPUIPlugin
2023-11-06 13:59:30,076 [INFO] IPUIPlugin:80 - create IPUIPlugin
2023-11-06 13:59:30,076 [INFO] IPUIPlugin:80 - create IPUIPlugin
2023-11-06 13:59:30,076 [INFO] IPUIPlugin:80 - create IPUIPlugin
2023-11-06 13:59:30,076 [INFO] IPUIPlugin:80 - create IPUIPlugin
2023-11-06 13:59:30,076 [INFO] IPUIPlugin:80 - create IPUIPlugin
2023-11-06 13:59:30,076 [INFO] IPUIPlugin:80 - create IPUIPlugin
2023-11-06 13:59:30,076 [INFO] IPUIPlugin:80 - create IPUIPlugin
2023-11-06 13:59:30,077 [INFO] IPUIPlugin:80 - create IPUIPlugin
2023-11-06 13:59:30,077 [INFO] IPUIPlugin:80 - create IPUIPlugin
2023-11-06 13:59:30,077 [INFO] IPUIPlugin:80 - create IPUIPlugin
2023-11-06 13:59:30,077 [INFO] IPUIPlugin:80 - create IPUIPlugin
2023-11-06 13:59:30,077 [INFO] IPUIPlugin:80 - create IPUIPlugin
2023-11-06 13:59:30,077 [INFO] IPUIPlugin:80 - create IPUIPlugin
2023-11-06 13:59:30,077 [INFO] IPUIPlugin:80 - create IPUIPlugin
2023-11-06 13:59:30,077 [INFO] IPUIPlugin:80 - create IPUIPlugin
2023-11-06 13:59:30,077 [INFO] IPUIPlugin:80 - create IPUIPlugin
2023-11-06 13:59:30,078 [INFO] IPUIPlugin:80 - create IPUIPlugin
2023-11-06 13:59:30,078 [INFO] IPUIPlugin:80 - create IPUIPlugin
2023-11-06 13:59:30,078 [INFO] IPUIPlugin:80 - create IPUIPlugin
2023-11-06 13:59:30,078 [INFO] IPUIPlugin:80 - create IPUIPlugin
2023-11-06 13:59:30,079 [INFO] IPUIPlugin:80 - create IPUIPlugin
2023-11-06 13:59:30,079 [INFO] IPUIPlugin:80 - create IPUIPlugin
2023-11-06 13:59:30,079 [INFO] IPUIPlugin:80 - create IPUIPlugin
2023-11-06 13:59:30,079 [INFO] IPUIPlugin:80 - create IPUIPlugin
2023-11-06 13:59:30,113 [INFO] ApiDbMcu:507 - Load IP Config File for PDM2PCM
2023-11-06 13:59:30,282 [INFO] CADModel:165 - CPN selected for project levelSTM32F407ZGT6
2023-11-06 13:59:30,282 [INFO] CADModel:114 - Register for checkConnection events
2023-11-06 13:59:30,324 [INFO] OpenFileManager:328 - Restore cursor
2023-11-06 13:59:39,335 [INFO] UtilMem:75 - End SaveConfig() Used Memory: 710696496 Bytes (1073741824)
2023-11-06 13:59:39,426 [INFO] UtilMem:75 - End SaveConfig() Used Memory: 732190256 Bytes (1073741824)
2023-11-06 13:59:39,873 [INFO] UtilMem:75 - End SaveConfig() Used Memory: 771513904 Bytes (1073741824)
2023-11-06 13:59:40,309 [INFO] BlockDiagram:2759 - set Specific Code input for plugin: FSMC
2023-11-06 13:59:40,309 [INFO] BlockDiagram:2759 - set Specific Code input for plugin: SPI
2023-11-06 13:59:40,309 [INFO] BlockDiagram:2759 - set Specific Code input for plugin: TIM1_8
2023-11-06 13:59:40,309 [INFO] BlockDiagram:2759 - set Specific Code input for plugin: SYS
2023-11-06 13:59:40,309 [INFO] BlockDiagram:2759 - set Specific Code input for plugin: RCC
2023-11-06 13:59:40,309 [INFO] BlockDiagram:2759 - set Specific Code input for plugin: NVIC
2023-11-06 13:59:40,310 [INFO] BlockDiagram:2759 - set Specific Code input for plugin: GPIO
2023-11-06 13:59:40,311 [INFO] CodeGenerator:799 - code generatio: config db path: /opt/st/stm32cubeide_1.13.2/plugins/com.st.stm32cube.common.mx_6.9.2.202309101412//db/
2023-11-06 13:59:40,635 [INFO] CodeEngine:255 - oldGeneratedFile, /home/khoitran/Downloads/BKIT_ARM4_Bai3_Lcd_button/Bai3_Lcd_button/MXTmpFiles/license.tmp_save
2023-11-06 13:59:40,943 [INFO] CodeEngine:279 - Generated code: /home/khoitran/Downloads/BKIT_ARM4_Bai3_Lcd_button/Bai3_Lcd_button/MXTmpFiles/license.tmp
2023-11-06 13:59:41,008 [INFO] CodeEngine:255 - oldGeneratedFile, /home/khoitran/Downloads/BKIT_ARM4_Bai3_Lcd_button/Bai3_Lcd_button/Core/Src/gpio.c_save
2023-11-06 13:59:41,127 [INFO] CodeEngine:279 - Generated code: /home/khoitran/Downloads/BKIT_ARM4_Bai3_Lcd_button/Bai3_Lcd_button/Core/Src/gpio.c
2023-11-06 13:59:41,129 [INFO] CodeEngine:255 - oldGeneratedFile, /home/khoitran/Downloads/BKIT_ARM4_Bai3_Lcd_button/Bai3_Lcd_button/Core/Inc/gpio.h_save
2023-11-06 13:59:41,223 [INFO] CodeEngine:279 - Generated code: /home/khoitran/Downloads/BKIT_ARM4_Bai3_Lcd_button/Bai3_Lcd_button/Core/Inc/gpio.h
2023-11-06 13:59:41,447 [INFO] CodeEngine:255 - oldGeneratedFile, /home/khoitran/Downloads/BKIT_ARM4_Bai3_Lcd_button/Bai3_Lcd_button/Core/Src/fsmc.c_save
2023-11-06 13:59:41,545 [INFO] CodeEngine:279 - Generated code: /home/khoitran/Downloads/BKIT_ARM4_Bai3_Lcd_button/Bai3_Lcd_button/Core/Src/fsmc.c
2023-11-06 13:59:41,546 [INFO] CodeEngine:255 - oldGeneratedFile, /home/khoitran/Downloads/BKIT_ARM4_Bai3_Lcd_button/Bai3_Lcd_button/Core/Inc/fsmc.h_save
2023-11-06 13:59:41,611 [INFO] CodeEngine:279 - Generated code: /home/khoitran/Downloads/BKIT_ARM4_Bai3_Lcd_button/Bai3_Lcd_button/Core/Inc/fsmc.h
2023-11-06 13:59:41,615 [INFO] CodeEngine:255 - oldGeneratedFile, /home/khoitran/Downloads/BKIT_ARM4_Bai3_Lcd_button/Bai3_Lcd_button/Core/Src/spi.c_save
2023-11-06 13:59:41,721 [INFO] CodeEngine:279 - Generated code: /home/khoitran/Downloads/BKIT_ARM4_Bai3_Lcd_button/Bai3_Lcd_button/Core/Src/spi.c
2023-11-06 13:59:41,723 [INFO] CodeEngine:255 - oldGeneratedFile, /home/khoitran/Downloads/BKIT_ARM4_Bai3_Lcd_button/Bai3_Lcd_button/Core/Inc/spi.h_save
2023-11-06 13:59:41,788 [INFO] CodeEngine:279 - Generated code: /home/khoitran/Downloads/BKIT_ARM4_Bai3_Lcd_button/Bai3_Lcd_button/Core/Inc/spi.h
2023-11-06 13:59:41,792 [INFO] CodeEngine:255 - oldGeneratedFile, /home/khoitran/Downloads/BKIT_ARM4_Bai3_Lcd_button/Bai3_Lcd_button/Core/Src/tim.c_save
2023-11-06 13:59:41,955 [INFO] CodeEngine:279 - Generated code: /home/khoitran/Downloads/BKIT_ARM4_Bai3_Lcd_button/Bai3_Lcd_button/Core/Src/tim.c
2023-11-06 13:59:41,957 [INFO] CodeEngine:255 - oldGeneratedFile, /home/khoitran/Downloads/BKIT_ARM4_Bai3_Lcd_button/Bai3_Lcd_button/Core/Inc/tim.h_save
2023-11-06 13:59:42,025 [INFO] CodeEngine:279 - Generated code: /home/khoitran/Downloads/BKIT_ARM4_Bai3_Lcd_button/Bai3_Lcd_button/Core/Inc/tim.h
2023-11-06 13:59:42,031 [INFO] CodeEngine:255 - oldGeneratedFile, /home/khoitran/Downloads/BKIT_ARM4_Bai3_Lcd_button/Bai3_Lcd_button/Core/Src/stm32f4xx_it.c_save
2023-11-06 13:59:42,123 [INFO] CodeEngine:279 - Generated code: /home/khoitran/Downloads/BKIT_ARM4_Bai3_Lcd_button/Bai3_Lcd_button/Core/Src/stm32f4xx_it.c
2023-11-06 13:59:42,125 [INFO] CodeEngine:255 - oldGeneratedFile, /home/khoitran/Downloads/BKIT_ARM4_Bai3_Lcd_button/Bai3_Lcd_button/Core/Inc/stm32f4xx_it.h_save
2023-11-06 13:59:42,185 [INFO] CodeEngine:279 - Generated code: /home/khoitran/Downloads/BKIT_ARM4_Bai3_Lcd_button/Bai3_Lcd_button/Core/Inc/stm32f4xx_it.h
2023-11-06 13:59:42,189 [INFO] CodeEngine:255 - oldGeneratedFile, /home/khoitran/Downloads/BKIT_ARM4_Bai3_Lcd_button/Bai3_Lcd_button/Core/Src/stm32f4xx_hal_msp.c_save
2023-11-06 13:59:42,271 [INFO] CodeEngine:279 - Generated code: /home/khoitran/Downloads/BKIT_ARM4_Bai3_Lcd_button/Bai3_Lcd_button/Core/Src/stm32f4xx_hal_msp.c
2023-11-06 13:59:42,273 [INFO] CodeEngine:255 - oldGeneratedFile, /home/khoitran/Downloads/BKIT_ARM4_Bai3_Lcd_button/Bai3_Lcd_button/MXTmpFiles/system.tmp_save
2023-11-06 13:59:42,330 [INFO] CodeEngine:279 - Generated code: /home/khoitran/Downloads/BKIT_ARM4_Bai3_Lcd_button/Bai3_Lcd_button/MXTmpFiles/system.tmp
2023-11-06 13:59:42,333 [INFO] CodeEngine:311 - oldGeneratedFile, /home/khoitran/Downloads/BKIT_ARM4_Bai3_Lcd_button/Bai3_Lcd_button/Core/Inc/stm32f4xx_hal_conf.h_save
2023-11-06 13:59:42,400 [INFO] CodeEngine:335 - Generated code: /home/khoitran/Downloads/BKIT_ARM4_Bai3_Lcd_button/Bai3_Lcd_button/Core/Inc/stm32f4xx_hal_conf.h
2023-11-06 13:59:42,426 [INFO] CodeEngine:255 - oldGeneratedFile, /home/khoitran/Downloads/BKIT_ARM4_Bai3_Lcd_button/Bai3_Lcd_button/Core/Inc/main.h_save
2023-11-06 13:59:42,499 [INFO] CodeEngine:279 - Generated code: /home/khoitran/Downloads/BKIT_ARM4_Bai3_Lcd_button/Bai3_Lcd_button/Core/Inc/main.h
2023-11-06 13:59:42,501 [INFO] CodeEngine:255 - oldGeneratedFile, /home/khoitran/Downloads/BKIT_ARM4_Bai3_Lcd_button/Bai3_Lcd_button/Core/Src/main.c_save
2023-11-06 13:59:42,599 [INFO] CodeEngine:279 - Generated code: /home/khoitran/Downloads/BKIT_ARM4_Bai3_Lcd_button/Bai3_Lcd_button/Core/Src/main.c
2023-11-06 13:59:42,955 [INFO] ProjectBuilder:3064 - Time for Copy HAL[1] : 51mS.
2023-11-06 13:59:42,958 [INFO] ProjectBuilder:4404 - Project Generator version: 4.1.0
2023-11-06 13:59:43,234 [INFO] ConfigFileManager:1457 - The Die is : DIE413
2023-11-06 13:59:43,248 [INFO] ApiDbMcu:507 - Load IP Config File for FATFS
2023-11-06 13:59:43,253 [INFO] ApiDbMcu:507 - Load IP Config File for FREERTOS
2023-11-06 13:59:43,256 [INFO] ApiDbMcu:507 - Load IP Config File for LIBJPEG
2023-11-06 13:59:43,262 [INFO] ApiDbMcu:507 - Load IP Config File for LWIP
2023-11-06 13:59:43,269 [INFO] ApiDbMcu:507 - Load IP Config File for MBEDTLS
2023-11-06 13:59:43,277 [INFO] ApiDbMcu:507 - Load IP Config File for USB_DEVICE
2023-11-06 13:59:43,282 [INFO] ApiDbMcu:507 - Load IP Config File for USB_HOST
2023-11-06 13:59:43,924 [INFO] LogOutputStream:77 - [STDOUT_REDIRECT] 
2023-11-06 13:59:44,719 [INFO] ProjectBuilder:4626 - Time for Generating toolchain IDE Files: 1761mS.
2023-11-06 13:59:44,719 [INFO] ProjectBuilder:2935 - Time for Copy CMSIS : 0mS.
2023-11-06 13:59:44,720 [INFO] ProjectBuilder:2935 - Time for Copy CMSIS : 0mS.
2023-11-06 14:56:13,985 [ERROR] AdobePublisher:162 - Exception while opening the connection: java.net.SocketTimeoutException: Connect timed out
2023-11-06 16:10:07,481 [ERROR] AdobePublisher:162 - Exception while opening the connection: java.net.SocketTimeoutException: Read timed out
2023-11-06 16:15:48,467 [INFO] NvicIntPanel:101 - NVIC parent = com.st.microxplorer.plugins.ip.nvic.MultiNvicIntPanel[,0,0,0x0,invalid,layout=javax.swing.BoxLayout,alignmentX=0.0,alignmentY=0.0,border=,flags=9,maximumSize=,minimumSize=,preferredSize=]
2023-11-06 16:20:29,220 [ERROR] ConfigurationRetriever:142 - IOException on connection: Connect timed out
2023-11-06 16:25:11,433 [ERROR] ConfigurationRetriever:142 - IOException on connection: Read timed out
2023-11-06 17:12:29,942 [ERROR] ConfigurationRetriever:142 - IOException on connection: Connect timed out
2023-11-06 17:12:31,957 [ERROR] ConfigurationRetriever:142 - IOException on connection: Connect timed out
2023-11-06 17:12:33,960 [ERROR] ConfigurationRetriever:142 - IOException on connection: Connect timed out
2023-11-06 17:12:35,982 [ERROR] ConfigurationRetriever:142 - IOException on connection: Connect timed out
2023-11-06 17:12:37,985 [ERROR] ConfigurationRetriever:142 - IOException on connection: Connect timed out
2023-11-06 17:12:39,987 [ERROR] ConfigurationRetriever:142 - IOException on connection: Connect timed out
2023-11-06 17:28:11,827 [ERROR] LogOutputStream:75 - [STDERR_REDIRECT] 
